\BOOKMARK [0][-]{chapter.1}{\376\377\000I\000n\000t\000r\000o\000d\000u\000c\000t\000i\000o\000n}{}% 1
\BOOKMARK [1][-]{section.1.1}{\376\377\000B\000a\000c\000k\000g\000r\000o\000u\000n\000d\000\040\000a\000n\000d\000\040\000M\000o\000t\000i\000v\000a\000t\000i\000o\000n}{chapter.1}% 2
\BOOKMARK [1][-]{section.1.2}{\376\377\000P\000r\000o\000b\000l\000e\000m\000\040\000S\000t\000a\000t\000e\000m\000e\000n\000t}{chapter.1}% 3
\BOOKMARK [1][-]{section.1.3}{\376\377\000P\000r\000o\000j\000e\000c\000t\000\040\000A\000i\000m}{chapter.1}% 4
\BOOKMARK [1][-]{section.1.4}{\376\377\000P\000r\000o\000j\000e\000c\000t\000\040\000O\000b\000j\000e\000c\000t\000i\000v\000e\000s}{chapter.1}% 5
\BOOKMARK [1][-]{section.1.5}{\376\377\000P\000r\000o\000j\000e\000c\000t\000\040\000T\000i\000m\000e\000l\000i\000n\000e}{chapter.1}% 6
\BOOKMARK [1][-]{section.1.6}{\376\377\000S\000c\000o\000p\000e}{chapter.1}% 7
\BOOKMARK [1][-]{section.1.7}{\376\377\000P\000r\000o\000j\000e\000c\000t\000\040\000O\000r\000g\000a\000n\000i\000s\000a\000t\000i\000o\000n}{chapter.1}% 8
\BOOKMARK [0][-]{chapter.2}{\376\377\000L\000i\000t\000e\000r\000a\000t\000u\000r\000e\000\040\000R\000e\000v\000i\000e\000w}{}% 9
\BOOKMARK [1][-]{section.2.1}{\376\377\000R\000e\000v\000i\000e\000w\000\040\000S\000t\000r\000a\000t\000e\000g\000y}{chapter.2}% 10
\BOOKMARK [1][-]{section.2.2}{\376\377\000R\000e\000l\000a\000t\000e\000d\000\040\000W\000o\000r\000k}{chapter.2}% 11
\BOOKMARK [2][-]{subsection.2.2.1}{\376\377\000C\000h\000a\000l\000l\000a\000\040\000e\000t\000\040\000a\000l\000.\000\040\000\050\0002\0000\0002\0005\000\051\000\040\040\024\000\040\000M\000u\000l\000t\000i\000m\000o\000d\000a\000l\000\040\000C\000l\000a\000s\000s\000r\000o\000o\000m\000\040\000O\000c\000c\000u\000p\000a\000n\000c\000y\000\040\000f\000o\000r\000\040\000H\000V\000A\000C}{section.2.2}% 12
\BOOKMARK [2][-]{subsection.2.2.2}{\376\377\000C\000h\000a\000u\000d\000h\000a\000r\000i\000\040\000e\000t\000\040\000a\000l\000.\000\040\000\050\0002\0000\0002\0004\000\051\000\040\040\024\000\040\000O\000c\000c\000u\000p\000a\000n\000c\000y\000\040\000D\000e\000t\000e\000c\000t\000i\000o\000n\000\040\000S\000u\000r\000v\000e\000y\000\040\000f\000o\000r\000\040\000S\000m\000a\000r\000t}{section.2.2}% 13
\BOOKMARK [2][-]{subsection.2.2.3}{\376\377\000Z\000h\000a\000n\000g\000\040\000e\000t\000\040\000a\000l\000.\000\040\000\050\0002\0000\0002\0006\000\051\000\040\040\024\000\040\000M\000o\000d\000i\373\001\000e\000d\000\040\000L\000i\000g\000h\000t\000w\000e\000i\000g\000h\000t\000\040\000Y\000O\000L\000O\000v\0008\000\040\000f\000o\000r\000\040\000I\000n\000d\000o\000o\000r}{section.2.2}% 14
\BOOKMARK [2][-]{subsection.2.2.4}{\376\377\000W\000a\000g\000h\000c\000h\000o\000u\000r\000e\000\040\000e\000t\000\040\000a\000l\000.\000\040\000\050\0002\0000\0002\0005\000\051\000\040\040\024\000\040\000I\000o\000T\000\040\000C\000l\000a\000s\000s\000r\000o\000o\000m\000\040\000A\000p\000p\000l\000i\000a\000n\000c\000e\000\040\000C\000o\000n\000t\000r\000o\000l}{section.2.2}% 15
\BOOKMARK [2][-]{subsection.2.2.5}{\376\377\000W\000i\000b\000o\000w\000o\000\040\000e\000t\000\040\000a\000l\000.\000\040\000\050\0002\0000\0002\0003\000\051\000\040\040\024\000\040\000I\000o\000T\000\040\000E\000n\000e\000r\000g\000y\000\040\000M\000a\000n\000a\000g\000e\000m\000e\000n\000t\000\040\000i\000n\000\040\000a\000\040\000U\000n\000i\000v\000e\000r\000s\000i\000t\000y}{section.2.2}% 16
\BOOKMARK [2][-]{subsection.2.2.6}{\376\377\000A\000h\000m\000e\000d\000\040\000e\000t\000\040\000a\000l\000.\000\040\000\050\0002\0000\0002\0000\000\051\000\040\040\024\000\040\000I\000o\000T\000\040\000C\000l\000a\000s\000s\000r\000o\000o\000m\000\040\000A\000u\000t\000o\000m\000a\000t\000i\000o\000n\000\040\000w\000i\000t\000h\000\040\000S\000e\000n\000s\000o\000r\000-}{section.2.2}% 17
\BOOKMARK [2][-]{subsection.2.2.7}{\376\377\000I\000n\000g\000o\000l\000e\000\040\000e\000t\000\040\000a\000l\000.\000\040\000\050\0002\0000\0002\0004\000\051\000\040\040\024\000\040\000E\000S\000P\0003\0002\000\040\000C\000l\000a\000s\000s\000r\000o\000o\000m\000\040\000A\000u\000t\000o\000m\000a\000t\000i\000o\000n}{section.2.2}% 18
\BOOKMARK [2][-]{subsection.2.2.8}{\376\377\000S\000m\000a\000r\000t\000H\000a\000u\000s\000\040\040\024\000\040\000A\000n\000g\000u\000l\000a\000r\000\040\000a\000n\000d\000\040\000R\000E\000S\000T\000\040\000A\000P\000I\000\040\000I\000o\000T\000\040\000D\000a\000s\000h\000b\000o\000a\000r\000d}{section.2.2}% 19
\BOOKMARK [1][-]{section.2.3}{\376\377\000C\000o\000m\000p\000a\000r\000a\000t\000i\000v\000e\000\040\000A\000n\000a\000l\000y\000s\000i\000s}{chapter.2}% 20
\BOOKMARK [1][-]{section.2.4}{\376\377\000L\000i\000t\000e\000r\000a\000t\000u\000r\000e\000\040\000G\000a\000p\000\040\000A\000d\000d\000r\000e\000s\000s\000e\000d\000\040\000b\000y\000\040\000G\000r\000e\000e\000n\000L\000a\000b}{chapter.2}% 21
\BOOKMARK [0][-]{chapter.3}{\376\377\000S\000y\000s\000t\000e\000m\000\040\000A\000n\000a\000l\000y\000s\000i\000s}{}% 22
\BOOKMARK [1][-]{section.3.1}{\376\377\000I\000n\000t\000r\000o\000d\000u\000c\000t\000i\000o\000n\000\040\000t\000o\000\040\000t\000h\000e\000\040\000C\000h\000a\000p\000t\000e\000r}{chapter.3}% 23
\BOOKMARK [1][-]{section.3.2}{\376\377\000S\000y\000s\000t\000e\000m\000\040\000C\000o\000n\000t\000e\000x\000t}{chapter.3}% 24
\BOOKMARK [2][-]{subsection.3.2.1}{\376\377\000T\000e\000m\000p\000o\000r\000a\000l\000\040\000D\000i\000m\000e\000n\000s\000i\000o\000n}{section.3.2}% 25
\BOOKMARK [2][-]{subsection.3.2.2}{\376\377\000G\000o\000v\000e\000r\000n\000a\000n\000c\000e\000\040\000D\000i\000m\000e\000n\000s\000i\000o\000n}{section.3.2}% 26
\BOOKMARK [2][-]{subsection.3.2.3}{\376\377\000R\000e\000s\000i\000l\000i\000e\000n\000c\000e\000\040\000a\000n\000d\000\040\000S\000a\000f\000e\000\040\000D\000e\000f\000a\000u\000l\000t\000s}{section.3.2}% 27
\BOOKMARK [1][-]{section.3.3}{\376\377\000B\000u\000s\000i\000n\000e\000s\000s\000\040\000M\000o\000d\000e\000l}{chapter.3}% 28
\BOOKMARK [2][-]{subsection.3.3.1}{\376\377\000V\000a\000l\000u\000e\000\040\000P\000r\000o\000p\000o\000s\000i\000t\000i\000o\000n\000\040\000a\000n\000d\000\040\000C\000u\000s\000t\000o\000m\000e\000r\000\040\000F\000o\000c\000u\000s}{section.3.3}% 29
\BOOKMARK [2][-]{subsection.3.3.2}{\376\377\000K\000e\000y\000\040\000P\000a\000r\000t\000n\000e\000r\000s\000,\000\040\000A\000c\000t\000i\000v\000i\000t\000i\000e\000s\000,\000\040\000a\000n\000d\000\040\000R\000e\000s\000o\000u\000r\000c\000e\000s}{section.3.3}% 30
\BOOKMARK [2][-]{subsection.3.3.3}{\376\377\000C\000h\000a\000n\000n\000e\000l\000s}{section.3.3}% 31
\BOOKMARK [2][-]{subsection.3.3.4}{\376\377\000C\000o\000s\000t\000\040\000S\000t\000r\000u\000c\000t\000u\000r\000e\000\040\000a\000n\000d\000\040\000R\000e\000v\000e\000n\000u\000e\000\040\000S\000t\000r\000e\000a\000m\000s}{section.3.3}% 32
\BOOKMARK [1][-]{section.3.4}{\376\377\000S\000t\000a\000k\000e\000h\000o\000l\000d\000e\000r\000\040\000A\000n\000a\000l\000y\000s\000i\000s}{chapter.3}% 33
\BOOKMARK [1][-]{section.3.5}{\376\377\000U\000s\000e\000\040\000C\000a\000s\000e\000\040\000A\000n\000a\000l\000y\000s\000i\000s}{chapter.3}% 34
\BOOKMARK [2][-]{subsection.3.5.1}{\376\377\000A\000c\000t\000o\000r\000s}{section.3.5}% 35
\BOOKMARK [2][-]{subsection.3.5.2}{\376\377\000H\000u\000m\000a\000n\000-\000T\000r\000i\000g\000g\000e\000r\000e\000d\000\040\000U\000s\000e\000\040\000C\000a\000s\000e\000s}{section.3.5}% 36
\BOOKMARK [2][-]{subsection.3.5.3}{\376\377\000A\000u\000t\000o\000m\000a\000t\000i\000c\000\040\000U\000s\000e\000\040\000C\000a\000s\000e\000s}{section.3.5}% 37
\BOOKMARK [2][-]{subsection.3.5.4}{\376\377\000U\000s\000e\000\040\000C\000a\000s\000e\000\040\000S\000u\000m\000m\000a\000r\000y\000\040\000T\000a\000b\000l\000e}{section.3.5}% 38
\BOOKMARK [1][-]{section.3.6}{\376\377\000F\000u\000n\000c\000t\000i\000o\000n\000a\000l\000\040\000R\000e\000q\000u\000i\000r\000e\000m\000e\000n\000t\000s}{chapter.3}% 39
\BOOKMARK [2][-]{subsection.3.6.1}{\376\377\000A\000r\000e\000a\000:\000\040\000S\000y\000s\000t\000e\000m\000\040\000I\000n\000i\000t\000i\000a\000l\000i\000s\000a\000t\000i\000o\000n\000\040\000a\000n\000d\000\040\000S\000t\000a\000r\000t\000u\000p}{section.3.6}% 40
\BOOKMARK [2][-]{subsection.3.6.2}{\376\377\000A\000r\000e\000a\000:\000\040\000E\000n\000t\000r\000y\000\040\000a\000n\000d\000\040\000E\000x\000i\000t\000\040\000D\000e\000t\000e\000c\000t\000i\000o\000n}{section.3.6}% 41
\BOOKMARK [2][-]{subsection.3.6.3}{\376\377\000A\000r\000e\000a\000:\000\040\000O\000c\000c\000u\000p\000a\000n\000c\000y\000\040\000D\000e\000t\000e\000c\000t\000i\000o\000n\000\040\000a\000n\000d\000\040\000C\000l\000a\000s\000s\000i\000f\000i\000c\000a\000t\000i\000o\000n}{section.3.6}% 42
\BOOKMARK [2][-]{subsection.3.6.4}{\376\377\000A\000r\000e\000a\000:\000\040\000L\000i\000g\000h\000t\000i\000n\000g\000\040\000C\000o\000n\000t\000r\000o\000l}{section.3.6}% 43
\BOOKMARK [2][-]{subsection.3.6.5}{\376\377\000A\000r\000e\000a\000:\000\040\000V\000e\000n\000t\000i\000l\000a\000t\000i\000o\000n\000\040\000C\000o\000n\000t\000r\000o\000l}{section.3.6}% 44
\BOOKMARK [2][-]{subsection.3.6.6}{\376\377\000A\000r\000e\000a\000:\000\040\000M\000o\000n\000i\000t\000o\000r\000i\000n\000g\000\040\000a\000n\000d\000\040\000D\000a\000s\000h\000b\000o\000a\000r\000d}{section.3.6}% 45
\BOOKMARK [2][-]{subsection.3.6.7}{\376\377\000A\000r\000e\000a\000:\000\040\000M\000a\000n\000u\000a\000l\000\040\000O\000v\000e\000r\000r\000i\000d\000e}{section.3.6}% 46
\BOOKMARK [2][-]{subsection.3.6.8}{\376\377\000A\000r\000e\000a\000:\000\040\000F\000a\000u\000l\000t\000\040\000H\000a\000n\000d\000l\000i\000n\000g\000\040\000a\000n\000d\000\040\000S\000a\000f\000e\000t\000y}{section.3.6}% 47
\BOOKMARK [2][-]{subsection.3.6.9}{\376\377\000A\000r\000e\000a\000:\000\040\000A\000u\000t\000h\000e\000n\000t\000i\000c\000a\000t\000i\000o\000n\000\040\000a\000n\000d\000\040\000A\000c\000c\000e\000s\000s\000\040\000C\000o\000n\000t\000r\000o\000l}{section.3.6}% 48
\BOOKMARK [1][-]{section.3.7}{\376\377\000N\000o\000n\000-\000F\000u\000n\000c\000t\000i\000o\000n\000a\000l\000\040\000R\000e\000q\000u\000i\000r\000e\000m\000e\000n\000t\000s}{chapter.3}% 49
\BOOKMARK [2][-]{subsection.3.7.1}{\376\377\000P\000e\000r\000f\000o\000r\000m\000a\000n\000c\000e}{section.3.7}% 50
\BOOKMARK [2][-]{subsection.3.7.2}{\376\377\000R\000e\000l\000i\000a\000b\000i\000l\000i\000t\000y}{section.3.7}% 51
\BOOKMARK [2][-]{subsection.3.7.3}{\376\377\000S\000e\000c\000u\000r\000i\000t\000y}{section.3.7}% 52
\BOOKMARK [2][-]{subsection.3.7.4}{\376\377\000U\000s\000a\000b\000i\000l\000i\000t\000y}{section.3.7}% 53
\BOOKMARK [2][-]{subsection.3.7.5}{\376\377\000M\000a\000i\000n\000t\000a\000i\000n\000a\000b\000i\000l\000i\000t\000y}{section.3.7}% 54
\BOOKMARK [2][-]{subsection.3.7.6}{\376\377\000S\000c\000a\000l\000a\000b\000i\000l\000i\000t\000y}{section.3.7}% 55
\BOOKMARK [1][-]{section.3.8}{\376\377\000S\000e\000q\000u\000e\000n\000c\000e\000\040\000D\000i\000a\000g\000r\000a\000m\000\040\000A\000n\000a\000l\000y\000s\000i\000s}{chapter.3}% 56
\BOOKMARK [2][-]{subsection.3.8.1}{\376\377\000O\000c\000c\000u\000p\000a\000n\000c\000y\000-\000T\000r\000i\000g\000g\000e\000r\000e\000d\000\040\000A\000u\000t\000o\000m\000a\000t\000i\000o\000n\000\040\000W\000o\000r\000k\000f\000l\000o\000w}{section.3.8}% 57
\BOOKMARK [2][-]{subsection.3.8.2}{\376\377\000L\000i\000v\000e\000\040\000C\000a\000m\000e\000r\000a\000\040\000S\000t\000r\000e\000a\000m\000i\000n\000g\000\040\000W\000o\000r\000k\000f\000l\000o\000w}{section.3.8}% 58
\BOOKMARK [2][-]{subsection.3.8.3}{\376\377\000M\000a\000n\000u\000a\000l\000\040\000O\000v\000e\000r\000r\000i\000d\000e\000\040\000\050\000R\000e\000l\000a\000y\000\040\000C\000o\000n\000t\000r\000o\000l\000\051\000\040\000W\000o\000r\000k\000f\000l\000o\000w}{section.3.8}% 59
\BOOKMARK [2][-]{subsection.3.8.4}{\376\377\000L\000a\000b\000o\000r\000a\000t\000o\000r\000y\000\040\000T\000r\000a\000n\000s\000f\000e\000r\000\040\000R\000e\000q\000u\000e\000s\000t\000\040\000W\000o\000r\000k\000f\000l\000o\000w}{section.3.8}% 60
\BOOKMARK [1][-]{section.3.9}{\376\377\000C\000h\000a\000p\000t\000e\000r\000\040\000S\000u\000m\000m\000a\000r\000y}{chapter.3}% 61
\BOOKMARK [0][-]{chapter.4}{\376\377\000S\000y\000s\000t\000e\000m\000\040\000D\000e\000s\000i\000g\000n}{}% 62
\BOOKMARK [1][-]{section.4.1}{\376\377\000F\000o\000u\000r\000-\000T\000i\000e\000r\000\040\000A\000r\000c\000h\000i\000t\000e\000c\000t\000u\000r\000e\000\040\000O\000v\000e\000r\000v\000i\000e\000w}{chapter.4}% 63
\BOOKMARK [2][-]{subsection.4.1.1}{\376\377\000D\000a\000t\000a\000\040\000F\000l\000o\000w\000\040\000D\000i\000a\000g\000r\000a\000m\000s}{section.4.1}% 64
\BOOKMARK [1][-]{section.4.2}{\376\377\000H\000a\000r\000d\000w\000a\000r\000e\000\040\000L\000a\000y\000e\000r\000\040\000D\000e\000s\000i\000g\000n}{chapter.4}% 65
\BOOKMARK [2][-]{subsection.4.2.1}{\376\377\000C\000o\000m\000p\000o\000n\000e\000n\000t\000\040\000T\000o\000p\000o\000l\000o\000g\000y}{section.4.2}% 66
\BOOKMARK [2][-]{subsection.4.2.2}{\376\377\000F\000i\000r\000m\000w\000a\000r\000e\000\040\000A\000r\000c\000h\000i\000t\000e\000c\000t\000u\000r\000e}{section.4.2}% 67
\BOOKMARK [1][-]{section.4.3}{\376\377\000P\000y\000t\000h\000o\000n\000\040\000A\000I\000\040\000S\000e\000r\000v\000i\000c\000e\000\040\000D\000e\000s\000i\000g\000n}{chapter.4}% 68
\BOOKMARK [2][-]{subsection.4.3.1}{\376\377\000S\000e\000r\000v\000i\000c\000e\000\040\000A\000r\000c\000h\000i\000t\000e\000c\000t\000u\000r\000e}{section.4.3}% 69
\BOOKMARK [2][-]{subsection.4.3.2}{\376\377\000M\000o\000d\000e\000l\000\040\000a\000n\000d\000\040\000I\000n\000f\000e\000r\000e\000n\000c\000e\000\040\000P\000i\000p\000e\000l\000i\000n\000e}{section.4.3}% 70
\BOOKMARK [2][-]{subsection.4.3.3}{\376\377\000C\000a\000m\000e\000r\000a\000\040\000S\000o\000u\000r\000c\000e\000\040\000A\000b\000s\000t\000r\000a\000c\000t\000i\000o\000n}{section.4.3}% 71
\BOOKMARK [2][-]{subsection.4.3.4}{\376\377\000C\000a\000m\000e\000r\000a\000\040\000L\000i\000f\000e\000c\000y\000c\000l\000e\000\040\000M\000a\000n\000a\000g\000e\000m\000e\000n\000t}{section.4.3}% 72
\BOOKMARK [2][-]{subsection.4.3.5}{\376\377\000B\000a\000c\000k\000e\000n\000d\000\040\000I\000n\000t\000e\000g\000r\000a\000t\000i\000o\000n\000\040\000C\000o\000n\000t\000r\000a\000c\000t}{section.4.3}% 73
\BOOKMARK [1][-]{section.4.4}{\376\377\000D\000a\000t\000a\000b\000a\000s\000e\000\040\000D\000e\000s\000i\000g\000n}{chapter.4}% 74
\BOOKMARK [2][-]{subsection.4.4.1}{\376\377\000S\000c\000h\000e\000m\000a\000\040\000O\000v\000e\000r\000v\000i\000e\000w}{section.4.4}% 75
\BOOKMARK [2][-]{subsection.4.4.2}{\376\377\000T\000a\000b\000l\000e\000\040\000S\000p\000e\000c\000i\000f\000i\000c\000a\000t\000i\000o\000n\000s}{section.4.4}% 76
\BOOKMARK [1][-]{section.4.5}{\376\377\000A\000u\000t\000o\000m\000a\000t\000i\000o\000n\000\040\000E\000n\000g\000i\000n\000e\000\040\000D\000e\000s\000i\000g\000n}{chapter.4}% 77
\BOOKMARK [2][-]{subsection.4.5.1}{\376\377\000O\000c\000c\000u\000p\000a\000n\000c\000y\000\040\000C\000l\000a\000s\000s\000i\000f\000i\000c\000a\000t\000i\000o\000n}{section.4.5}% 78
\BOOKMARK [2][-]{subsection.4.5.2}{\376\377\000L\000i\000g\000h\000t\000i\000n\000g\000\040\000D\000e\000c\000i\000s\000i\000o\000n\000\040\000M\000a\000t\000r\000i\000x}{section.4.5}% 79
\BOOKMARK [2][-]{subsection.4.5.3}{\376\377\000F\000a\000n\000\040\000A\000c\000t\000i\000v\000a\000t\000i\000o\000n\000\040\000T\000a\000b\000l\000e}{section.4.5}% 80
\BOOKMARK [1][-]{section.4.6}{\376\377\000R\000E\000S\000T\000\040\000A\000P\000I\000\040\000D\000e\000s\000i\000g\000n}{chapter.4}% 81
\BOOKMARK [2][-]{subsection.4.6.1}{\376\377\000A\000P\000I\000\040\000S\000t\000r\000u\000c\000t\000u\000r\000e}{section.4.6}% 82
\BOOKMARK [2][-]{subsection.4.6.2}{\376\377\000C\000o\000m\000p\000l\000e\000t\000e\000\040\000E\000n\000d\000p\000o\000i\000n\000t\000\040\000C\000a\000t\000a\000l\000o\000g\000u\000e}{section.4.6}% 83
\BOOKMARK [2][-]{subsection.4.6.3}{\376\377\000S\000e\000n\000s\000o\000r\000\040\000E\000v\000e\000n\000t\000\040\000R\000e\000q\000u\000e\000s\000t\000\040\000a\000n\000d\000\040\000R\000e\000s\000p\000o\000n\000s\000e\000\040\000C\000o\000n\000t\000r\000a\000c\000t}{section.4.6}% 84
\BOOKMARK [1][-]{section.4.7}{\376\377\000S\000e\000c\000u\000r\000i\000t\000y\000\040\000D\000e\000s\000i\000g\000n}{chapter.4}% 85
\BOOKMARK [2][-]{subsection.4.7.1}{\376\377\000A\000u\000t\000h\000e\000n\000t\000i\000c\000a\000t\000i\000o\000n\000\040\000A\000r\000c\000h\000i\000t\000e\000c\000t\000u\000r\000e}{section.4.7}% 86
\BOOKMARK [2][-]{subsection.4.7.2}{\376\377\000R\000o\000l\000e\000-\000B\000a\000s\000e\000d\000\040\000A\000c\000c\000e\000s\000s\000\040\000C\000o\000n\000t\000r\000o\000l}{section.4.7}% 87
\BOOKMARK [2][-]{subsection.4.7.3}{\376\377\000A\000u\000d\000i\000t\000\040\000L\000o\000g\000g\000i\000n\000g\000\040\000D\000e\000s\000i\000g\000n}{section.4.7}% 88
\BOOKMARK [1][-]{section.4.8}{\376\377\000A\000n\000g\000u\000l\000a\000r\000\040\000D\000a\000s\000h\000b\000o\000a\000r\000d\000\040\000D\000e\000s\000i\000g\000n}{chapter.4}% 89
\BOOKMARK [2][-]{subsection.4.8.1}{\376\377\000V\000i\000e\000w\000\040\000A\000r\000c\000h\000i\000t\000e\000c\000t\000u\000r\000e}{section.4.8}% 90
\BOOKMARK [2][-]{subsection.4.8.2}{\376\377\000V\000i\000e\000w\000\040\000I\000n\000v\000e\000n\000t\000o\000r\000y}{section.4.8}% 91
\BOOKMARK [2][-]{subsection.4.8.3}{\376\377\000R\000e\000a\000l\000-\000T\000i\000m\000e\000\040\000U\000p\000d\000a\000t\000e\000\040\000S\000t\000r\000a\000t\000e\000g\000y}{section.4.8}% 92
\BOOKMARK [1][-]{section.4.9}{\376\377\000C\000h\000a\000p\000t\000e\000r\000\040\000S\000u\000m\000m\000a\000r\000y}{chapter.4}% 93
\BOOKMARK [0][-]{chapter.5}{\376\377\000I\000m\000p\000l\000e\000m\000e\000n\000t\000a\000t\000i\000o\000n}{}% 94
\BOOKMARK [1][-]{section.5.1}{\376\377\000I\000n\000t\000r\000o\000d\000u\000c\000t\000i\000o\000n}{chapter.5}% 95
\BOOKMARK [1][-]{section.5.2}{\376\377\000H\000a\000r\000d\000w\000a\000r\000e\000\040\000L\000a\000y\000e\000r\000\040\000I\000m\000p\000l\000e\000m\000e\000n\000t\000a\000t\000i\000o\000n\000\040\000E\000S\000P\0003\0002\000\040\000F\000i\000r\000m\000w\000a\000r\000e}{chapter.5}% 96
\BOOKMARK [2][-]{subsection.5.2.1}{\376\377\000L\000i\000b\000r\000a\000r\000y\000\040\000I\000n\000c\000l\000u\000d\000e\000s\000,\000\040\000H\000a\000r\000d\000w\000a\000r\000e\000\040\000P\000i\000n\000\040\000D\000e\000n\000i\000t\000i\000o\000n\000s\000,\000\040\000a\000n\000d\000\040\000G\000l\000o\000b\000a\000l\000\040\000C\000o\000n\000s\000t\000a\000n\000t\000s}{section.5.2}% 97
\BOOKMARK [2][-]{subsection.5.2.2}{\376\377\000S\000e\000n\000s\000o\000r\000\040\000R\000e\000a\000d\000i\000n\000g\000\040\000F\000u\000n\000c\000t\000i\000o\000n\000s}{section.5.2}% 98
\BOOKMARK [2][-]{subsection.5.2.3}{\376\377\000L\000o\000c\000a\000l\000\040\000H\000T\000T\000P\000\040\000S\000e\000r\000v\000e\000r\000\040\000D\000i\000r\000e\000c\000t\000\040\000R\000e\000l\000a\000y\000\040\000C\000o\000n\000t\000r\000o\000l\000\040\000E\000n\000d\000p\000o\000i\000n\000t\000s}{section.5.2}% 99
\BOOKMARK [2][-]{subsection.5.2.4}{\376\377\000D\000e\000v\000i\000c\000e\000\040\000A\000u\000t\000h\000e\000n\000t\000i\000c\000a\000t\000i\000o\000n\000\040\000J\000W\000T\000\040\000T\000o\000k\000e\000n\000\040\000L\000i\000f\000e\000c\000y\000c\000l\000e}{section.5.2}% 100
\BOOKMARK [2][-]{subsection.5.2.5}{\376\377\000M\000o\000t\000i\000o\000n\000-\000T\000r\000i\000g\000g\000e\000r\000e\000d\000\040\000S\000e\000n\000s\000o\000r\000\040\000R\000e\000p\000o\000r\000t\000i\000n\000g\000\040\000s\000e\000n\000d\000M\000o\000t\000i\000o\000n\000R\000e\000q\000u\000e\000s\000t\000\050\000\051}{section.5.2}% 101
\BOOKMARK [2][-]{subsection.5.2.6}{\376\377\000M\000a\000i\000n\000\040\000F\000i\000r\000m\000w\000a\000r\000e\000\040\000L\000o\000g\000i\000c\000\040\000s\000e\000t\000u\000p\000\050\000\051\000\040\000a\000n\000d\000\040\000l\000o\000o\000p\000\050\000\051}{section.5.2}% 102
\BOOKMARK [1][-]{section.5.3}{\376\377\000P\000y\000t\000h\000o\000n\000\040\000A\000I\000\040\000P\000r\000o\000c\000e\000s\000s\000i\000n\000g\000\040\000S\000e\000r\000v\000i\000c\000e\000\040\000I\000m\000p\000l\000e\000m\000e\000n\000t\000a\000t\000i\000o\000n}{chapter.5}% 103
\BOOKMARK [2][-]{subsection.5.3.1}{\376\377\000S\000t\000a\000g\000e\000\040\0001\000:\000\040\000S\000i\000n\000g\000l\000e\000-\000C\000a\000m\000e\000r\000a\000\040\000P\000r\000o\000t\000o\000t\000y\000p\000e\000\040\000\050\000c\000o\000u\000t\000\137\000c\000o\000d\000e\000.\000t\000x\000t\000\051}{section.5.3}% 104
\BOOKMARK [2][-]{subsection.5.3.2}{\376\377\000C\000a\000m\000e\000r\000a\000\040\000S\000o\000u\000r\000c\000e\000\040\000A\000b\000s\000t\000r\000a\000c\000t\000i\000o\000n\000\040\000M\000o\000d\000u\000l\000e\000\040\000\050\000c\000a\000m\000e\000r\000a\000\137\000s\000o\000u\000r\000c\000e\000s\000.\000p\000y\000\051}{section.5.3}% 105
\BOOKMARK [2][-]{subsection.5.3.3}{\376\377\000S\000t\000a\000g\000e\000\040\0002\000:\000\040\000P\000r\000o\000d\000u\000c\000t\000i\000o\000n\000\040\000M\000u\000l\000t\000i\000-\000C\000a\000m\000e\000r\000a\000\040\000T\000r\000a\000c\000k\000i\000n\000g\000\040\000A\000P\000I\000\040\000\050\000d\000r\000o\000i\000d\000i\000p\000.\000p\000y\000\051}{section.5.3}% 106
\BOOKMARK [1][-]{section.5.4}{\376\377\000A\000d\000m\000i\000n\000i\000s\000t\000r\000a\000t\000i\000o\000n\000\040\000a\000n\000d\000\040\000C\000o\000n\000g\000u\000r\000a\000t\000i\000o\000n\000\040\000I\000n\000t\000e\000r\000f\000a\000c\000e}{chapter.5}% 107
\BOOKMARK [2][-]{subsection.5.4.1}{\376\377\000A\000d\000d\000\040\000L\000a\000b\000\040\000L\000a\000b\000o\000r\000a\000t\000o\000r\000y\000\040\000P\000r\000o\000v\000i\000s\000i\000o\000n\000i\000n\000g\000\040\000F\000o\000r\000m}{section.5.4}% 108
\BOOKMARK [2][-]{subsection.5.4.2}{\376\377\000D\000e\000v\000i\000c\000e\000s\000\040\000H\000a\000r\000d\000w\000a\000r\000e\000\040\000R\000e\000g\000i\000s\000t\000r\000y}{section.5.4}% 109
\BOOKMARK [2][-]{subsection.5.4.3}{\376\377\000U\000s\000e\000r\000s\000\040\000A\000c\000c\000o\000u\000n\000t\000\040\000L\000i\000s\000t}{section.5.4}% 110
\BOOKMARK [2][-]{subsection.5.4.4}{\376\377\000A\000d\000d\000\040\000U\000s\000e\000r\000\040\000A\000c\000c\000o\000u\000n\000t\000\040\000C\000r\000e\000a\000t\000i\000o\000n\000\040\000F\000o\000r\000m}{section.5.4}% 111
\BOOKMARK [1][-]{section.5.5}{\376\377\000M\000o\000n\000i\000t\000o\000r\000i\000n\000g\000\040\000D\000a\000s\000h\000b\000o\000a\000r\000d\000\040\000I\000m\000p\000l\000e\000m\000e\000n\000t\000a\000t\000i\000o\000n}{chapter.5}% 112
\BOOKMARK [2][-]{subsection.5.5.1}{\376\377\000L\000o\000g\000i\000n\000\040\000S\000c\000r\000e\000e\000n}{section.5.5}% 113
\BOOKMARK [2][-]{subsection.5.5.2}{\376\377\000S\000y\000s\000t\000e\000m\000\040\000D\000a\000s\000h\000b\000o\000a\000r\000d}{section.5.5}% 114
\BOOKMARK [2][-]{subsection.5.5.3}{\376\377\000A\000l\000l\000\040\000L\000a\000b\000s\000\040\000P\000e\000r\000-\000L\000a\000b\000o\000r\000a\000t\000o\000r\000y\000\040\000V\000i\000e\000w}{section.5.5}% 115
\BOOKMARK [1][-]{section.5.6}{\376\377\000I\000m\000p\000l\000e\000m\000e\000n\000t\000a\000t\000i\000o\000n\000\040\000T\000r\000a\000c\000e\000a\000b\000i\000l\000i\000t\000y\000\040\000M\000a\000t\000r\000i\000x}{chapter.5}% 116
\BOOKMARK [1][-]{section.5.7}{\376\377\000W\000o\000r\000k\000e\000d\000\040\000E\000n\000d\000-\000t\000o\000-\000E\000n\000d\000\040\000E\000x\000a\000m\000p\000l\000e\000:\000\040\000O\000n\000e\000\040\000M\000o\000t\000i\000o\000n\000\040\000E\000v\000e\000n\000t\000\040\000A\000c\000r\000o\000s\000s\000\040\000A\000l\000l}{chapter.5}% 117
\BOOKMARK [2][-]{subsection.5.7.1}{\376\377\000T\000i\000e\000r\000\040\0001\000\040\000E\000S\000P\0003\0002\000\040\000S\000e\000n\000s\000o\000r\000\040\000R\000e\000a\000d\000s\000\040\000\050\000l\000o\000o\000p\000\050\000\051\000\040\000i\000t\000e\000r\000a\000t\000i\000o\000n\000\040\000N\000\051}{section.5.7}% 118
\BOOKMARK [2][-]{subsection.5.7.2}{\376\377\000T\000i\000e\000r\000\040\0001\000\040\000-\000>\000\040\000T\000i\000e\000r\000\040\0002\000:\000\040\000H\000T\000T\000P\000\040\000P\000O\000S\000T\000\040\000t\000o\000\040\000t\000h\000e\000\040\000A\000S\000P\000.\000N\000E\000T\000\040\000C\000o\000r\000e\000\040\000B\000a\000c\000k\000e\000n\000d}{section.5.7}% 119
\BOOKMARK [2][-]{subsection.5.7.3}{\376\377\000T\000i\000e\000r\000\040\0002\000\040\000-\000>\000\040\000T\000i\000e\000r\000\040\0003\000:\000\040\000A\000I\000\040\000S\000e\000r\000v\000i\000c\000e\000\040\000P\000o\000l\000l\000\040\000\050\000c\000o\000n\000c\000u\000r\000r\000e\000n\000t\000\040\000w\000i\000t\000h\000\040\000b\000a\000c\000k\000e\000n\000d\000\040\000e\000v\000a\000l\000u\000a\000t\000i\000o\000n\000\051}{section.5.7}% 120
\BOOKMARK [2][-]{subsection.5.7.4}{\376\377\000T\000i\000e\000r\000\040\0002\000\040\000-\000>\000\040\000T\000i\000e\000r\000\040\0001\000:\000\040\000B\000a\000c\000k\000e\000n\000d\000\040\000R\000e\000s\000p\000o\000n\000s\000e}{section.5.7}% 121
\BOOKMARK [2][-]{subsection.5.7.5}{\376\377\000T\000i\000e\000r\000\040\0001\000\040\000R\000e\000l\000a\000y\000\040\000A\000c\000t\000u\000a\000t\000i\000o\000n}{section.5.7}% 122
\BOOKMARK [2][-]{subsection.5.7.6}{\376\377\000T\000i\000e\000r\000\040\0004\000\040\000D\000a\000s\000h\000b\000o\000a\000r\000d\000\040\000U\000p\000d\000a\000t\000e}{section.5.7}% 123
\BOOKMARK [1][-]{section.5.8}{\376\377\000K\000n\000o\000w\000n\000\040\000L\000i\000m\000i\000t\000a\000t\000i\000o\000n\000s\000\040\000a\000n\000d\000\040\000T\000e\000c\000h\000n\000i\000c\000a\000l\000\040\000D\000e\000b\000t}{chapter.5}% 124
\BOOKMARK [1][-]{section.5.9}{\376\377\000C\000h\000a\000p\000t\000e\000r\000\040\000S\000u\000m\000m\000a\000r\000y}{chapter.5}% 125
\BOOKMARK [0][-]{chapter.6}{\376\377\000C\000o\000n\000c\000l\000u\000s\000i\000o\000n\000s\000,\000\040\000L\000i\000m\000i\000t\000a\000t\000i\000o\000n\000s\000,\000\040\000a\000n\000d\000\040\000F\000u\000t\000u\000r\000e}{}% 126
\BOOKMARK [1][-]{section.6.1}{\376\377\000I\000n\000t\000r\000o\000d\000u\000c\000t\000i\000o\000n\000\040\000t\000o\000\040\000t\000h\000e\000\040\000C\000h\000a\000p\000t\000e\000r}{chapter.6}% 127
\BOOKMARK [1][-]{section.6.2}{\376\377\000A\000c\000h\000i\000e\000v\000e\000m\000e\000n\000t\000\040\000o\000f\000\040\000P\000r\000o\000j\000e\000c\000t\000\040\000O\000b\000j\000e\000c\000t\000i\000v\000e\000s}{chapter.6}% 128
\BOOKMARK [1][-]{section.6.3}{\376\377\000S\000u\000m\000m\000a\000r\000y\000\040\000o\000f\000\040\000P\000r\000o\000j\000e\000c\000t\000\040\000C\000o\000n\000t\000r\000i\000b\000u\000t\000i\000o\000n}{chapter.6}% 129
\BOOKMARK [1][-]{section.6.4}{\376\377\000L\000i\000m\000i\000t\000a\000t\000i\000o\000n\000s}{chapter.6}% 130
\BOOKMARK [2][-]{subsection.6.4.1}{\376\377\000I\000m\000p\000l\000e\000m\000e\000n\000t\000a\000t\000i\000o\000n\000\040\000D\000e\000v\000i\000a\000t\000i\000o\000n\000s}{section.6.4}% 131
\BOOKMARK [2][-]{subsection.6.4.2}{\376\377\000P\000r\000o\000j\000e\000c\000t\000-\000L\000e\000v\000e\000l\000\040\000L\000i\000m\000i\000t\000a\000t\000i\000o\000n\000s}{section.6.4}% 132
\BOOKMARK [1][-]{section.6.5}{\376\377\000F\000u\000t\000u\000r\000e\000\040\000W\000o\000r\000k}{chapter.6}% 133
\BOOKMARK [1][-]{section.6.6}{\376\377\000C\000o\000n\000c\000l\000u\000d\000i\000n\000g\000\040\000R\000e\000m\000a\000r\000k\000s}{chapter.6}% 134
