This is pdfTeX, Version 3.141592653-2.6-1.40.28 (TeX Live 2025/VoidLinux) (preloaded format=pdflatex 2026.6.17)  8 JUL 2026 22:16
entering extended mode
 restricted \write18 enabled.
 file:line:error style messages enabled.
 %&-line parsing enabled.
**main.tex
(./main.tex
LaTeX2e <2025-11-01>
L3 programming layer <2026-01-19>
(./preamble.tex (/usr/share/texmf-dist/tex/latex/base/book.cls
Document Class: book 2025/01/22 v1.4n Standard LaTeX document class
(/usr/share/texmf-dist/tex/latex/base/bk12.clo
File: bk12.clo 2025/01/22 v1.4n Standard LaTeX file (size option)
)
\c@part=\count275
\c@chapter=\count276
\c@section=\count277
\c@subsection=\count278
\c@subsubsection=\count279
\c@paragraph=\count280
\c@subparagraph=\count281
\c@figure=\count282
\c@table=\count283
\abovecaptionskip=\skip49
\belowcaptionskip=\skip50
\bibindent=\dimen148
) (/usr/share/texmf-dist/tex/latex/geometry/geometry.sty
Package: geometry 2020/01/02 v5.9 Page Geometry
 (/usr/share/texmf-dist/tex/latex/graphics/keyval.sty
Package: keyval 2022/05/29 v1.15 key=value parser (DPC)
\KV@toks@=\toks17
) (/usr/share/texmf-dist/tex/generic/iftex/ifvtex.sty
Package: ifvtex 2019/10/25 v1.7 ifvtex legacy package. Use iftex instead.
 (/usr/share/texmf-dist/tex/generic/iftex/iftex.sty
Package: iftex 2024/12/12 v1.0g TeX engine tests
))
\Gm@cnth=\count284
\Gm@cntv=\count285
\c@Gm@tempcnt=\count286
\Gm@bindingoffset=\dimen149
\Gm@wd@mp=\dimen150
\Gm@odd@mp=\dimen151
\Gm@even@mp=\dimen152
\Gm@layoutwidth=\dimen153
\Gm@layoutheight=\dimen154
\Gm@layouthoffset=\dimen155
\Gm@layoutvoffset=\dimen156
\Gm@dimlist=\toks18
) (/usr/share/texmf-dist/tex/latex/base/fontenc.sty
Package: fontenc 2025/07/18 v2.1d Standard LaTeX package
) (/usr/share/texmf-dist/tex/latex/base/inputenc.sty
Package: inputenc 2024/02/08 v1.3d Input encoding file
\inpenc@prehook=\toks19
\inpenc@posthook=\toks20
) (/usr/share/texmf-dist/tex/latex/lm/lmodern.sty
Package: lmodern 2015/05/01 v1.6.1 Latin Modern Fonts
LaTeX Font Info:    Overwriting symbol font `operators' in version `normal'
(Font)                  OT1/cmr/m/n --> OT1/lmr/m/n on input line 22.
LaTeX Font Info:    Overwriting symbol font `letters' in version `normal'
(Font)                  OML/cmm/m/it --> OML/lmm/m/it on input line 23.
LaTeX Font Info:    Overwriting symbol font `symbols' in version `normal'
(Font)                  OMS/cmsy/m/n --> OMS/lmsy/m/n on input line 24.
LaTeX Font Info:    Overwriting symbol font `largesymbols' in version `normal'
(Font)                  OMX/cmex/m/n --> OMX/lmex/m/n on input line 25.
LaTeX Font Info:    Overwriting symbol font `operators' in version `bold'
(Font)                  OT1/cmr/bx/n --> OT1/lmr/bx/n on input line 26.
LaTeX Font Info:    Overwriting symbol font `letters' in version `bold'
(Font)                  OML/cmm/b/it --> OML/lmm/b/it on input line 27.
LaTeX Font Info:    Overwriting symbol font `symbols' in version `bold'
(Font)                  OMS/cmsy/b/n --> OMS/lmsy/b/n on input line 28.
LaTeX Font Info:    Overwriting symbol font `largesymbols' in version `bold'
(Font)                  OMX/cmex/m/n --> OMX/lmex/m/n on input line 29.
LaTeX Font Info:    Overwriting math alphabet `\mathbf' in version `normal'
(Font)                  OT1/cmr/bx/n --> OT1/lmr/bx/n on input line 31.
LaTeX Font Info:    Overwriting math alphabet `\mathsf' in version `normal'
(Font)                  OT1/cmss/m/n --> OT1/lmss/m/n on input line 32.
LaTeX Font Info:    Overwriting math alphabet `\mathit' in version `normal'
(Font)                  OT1/cmr/m/it --> OT1/lmr/m/it on input line 33.
LaTeX Font Info:    Overwriting math alphabet `\mathtt' in version `normal'
(Font)                  OT1/cmtt/m/n --> OT1/lmtt/m/n on input line 34.
LaTeX Font Info:    Overwriting math alphabet `\mathbf' in version `bold'
(Font)                  OT1/cmr/bx/n --> OT1/lmr/bx/n on input line 35.
LaTeX Font Info:    Overwriting math alphabet `\mathsf' in version `bold'
(Font)                  OT1/cmss/bx/n --> OT1/lmss/bx/n on input line 36.
LaTeX Font Info:    Overwriting math alphabet `\mathit' in version `bold'
(Font)                  OT1/cmr/bx/it --> OT1/lmr/bx/it on input line 37.
LaTeX Font Info:    Overwriting math alphabet `\mathtt' in version `bold'
(Font)                  OT1/cmtt/m/n --> OT1/lmtt/m/n on input line 38.
) (/usr/share/texmf-dist/tex/latex/microtype/microtype.sty
Package: microtype 2026/03/01 v3.2d Micro-typographical refinements (RS)
 (/usr/share/texmf-dist/tex/latex/etoolbox/etoolbox.sty
Package: etoolbox 2025/10/02 v2.5m e-TeX tools for LaTeX (JAW)
\etb@tempcnta=\count287
)
\MT@toks=\toks21
\MT@tempbox=\box53
\MT@count=\count288
LaTeX Info: Redefining \noprotrusionifhmode on input line 1084.
LaTeX Info: Redefining \leftprotrusion on input line 1085.
\MT@prot@toks=\toks22
LaTeX Info: Redefining \rightprotrusion on input line 1104.
LaTeX Info: Redefining \textls on input line 1449.
\MT@outer@kern=\dimen157
LaTeX Info: Redefining \microtypecontext on input line 2053.
LaTeX Info: Redefining \textmicrotypecontext on input line 2070.
\MT@listname@count=\count289
 (/usr/share/texmf-dist/tex/latex/microtype/microtype-pdftex.def
File: microtype-pdftex.def 2026/03/01 v3.2d Definitions specific to pdftex (RS)
LaTeX Info: Redefining \lsstyle on input line 944.
LaTeX Info: Redefining \lslig on input line 944.
\MT@outer@space=\skip51
)
Package microtype Info: Loading configuration file microtype.cfg.
 (/usr/share/texmf-dist/tex/latex/microtype/microtype.cfg
File: microtype.cfg 2026/03/01 v3.2d microtype main configuration file (RS)
)
LaTeX Info: Redefining \microtypesetup on input line 3065.
) (/usr/share/texmf-dist/tex/generic/babel/babel.sty
Package: babel 2026/02/14 v26.3 The multilingual framework for LuaLaTeX, pdfLaTeX and XeLaTeX
\babel@savecnt=\count290
LaTeX Encoding Info:    Redeclaring text command \ij (encoding OT1) on input line 2078.
LaTeX Encoding Info:    Redeclaring text command \IJ (encoding OT1) on input line 2080.
LaTeX Encoding Info:    Redeclaring text command \ij (encoding T1) on input line 2082.
LaTeX Encoding Info:    Redeclaring text command \IJ (encoding T1) on input line 2083.
LaTeX Encoding Info:    Ignoring declaration for text command \ij (encoding ?) on input line 2084.
LaTeX Encoding Info:    Ignoring declaration for text command \IJ (encoding ?) on input line 2086.
LaTeX Encoding Info:    Ignoring declaration for text command \SS (encoding ?) on input line 2111.
\U@D=\dimen158
\l@unhyphenated=\language91
 (/usr/share/texmf-dist/tex/generic/babel/txtbabel.def)
\bbl@readstream=\read2
\bbl@dirlevel=\count291
 (/usr/share/texmf-dist/tex/generic/babel/locale/en/babel-english.tex)
Package babel Info: Importing font and identification data for english
(babel)             from babel-en.ini. Reported on input line 4330.
 (/usr/share/texmf-dist/tex/generic/babel-english/english.ldf
Language: english 2017/06/06 v3.3r English support from the babel system
Package babel Info: Hyphen rules for 'canadian' set to \l@english
(babel)             (\language0). Reported on input line 102.
Package babel Info: Hyphen rules for 'australian' set to \l@ukenglish
(babel)             (\language22). Reported on input line 105.
Package babel Info: Hyphen rules for 'newzealand' set to \l@ukenglish
(babel)             (\language22). Reported on input line 108.
)) (/usr/share/texmf-dist/tex/latex/csquotes/csquotes.sty
Package: csquotes 2024-04-04 v5.2o context-sensitive quotations (JAW)
\csq@reset=\count292
\csq@gtype=\count293
\csq@glevel=\count294
\csq@qlevel=\count295
\csq@maxlvl=\count296
\csq@tshold=\count297
\csq@ltx@everypar=\toks23
 (/usr/share/texmf-dist/tex/latex/csquotes/csquotes.def
File: csquotes.def 2024-04-04 v5.2o csquotes generic definitions (JAW)
)
Package csquotes Info: Trying to load configuration file 'csquotes.cfg'...
Package csquotes Info: ... configuration file loaded successfully.
 (/usr/share/texmf-dist/tex/latex/csquotes/csquotes.cfg
File: csquotes.cfg 
)) (/usr/share/texmf-dist/tex/latex/amsmath/amsmath.sty
Package: amsmath 2025/07/09 v2.17z AMS math features
\@mathmargin=\skip52

For additional information on amsmath, use the `?' option.
(/usr/share/texmf-dist/tex/latex/amsmath/amstext.sty
Package: amstext 2024/11/17 v2.01 AMS text
 (/usr/share/texmf-dist/tex/latex/amsmath/amsgen.sty
File: amsgen.sty 1999/11/30 v2.0 generic functions
\@emptytoks=\toks24
\ex@=\dimen159
)) (/usr/share/texmf-dist/tex/latex/amsmath/amsbsy.sty
Package: amsbsy 1999/11/29 v1.2d Bold Symbols
\pmbraise@=\dimen160
) (/usr/share/texmf-dist/tex/latex/amsmath/amsopn.sty
Package: amsopn 2022/04/08 v2.04 operator names
)
\inf@bad=\count298
LaTeX Info: Redefining \frac on input line 233.
\uproot@=\count299
\leftroot@=\count300
LaTeX Info: Redefining \overline on input line 398.
LaTeX Info: Redefining \colon on input line 409.
\classnum@=\count301
\DOTSCASE@=\count302
LaTeX Info: Redefining \ldots on input line 495.
LaTeX Info: Redefining \dots on input line 498.
LaTeX Info: Redefining \cdots on input line 619.
\Mathstrutbox@=\box54
\strutbox@=\box55
LaTeX Info: Redefining \big on input line 721.
LaTeX Info: Redefining \Big on input line 722.
LaTeX Info: Redefining \bigg on input line 723.
LaTeX Info: Redefining \Bigg on input line 724.
\big@size=\dimen161
LaTeX Font Info:    Redeclaring font encoding OML on input line 742.
LaTeX Font Info:    Redeclaring font encoding OMS on input line 743.
\macc@depth=\count303
LaTeX Info: Redefining \bmod on input line 904.
LaTeX Info: Redefining \pmod on input line 909.
LaTeX Info: Redefining \smash on input line 939.
LaTeX Info: Redefining \relbar on input line 969.
LaTeX Info: Redefining \Relbar on input line 970.
\c@MaxMatrixCols=\count304
\dotsspace@=\muskip17
\c@parentequation=\count305
\dspbrk@lvl=\count306
\tag@help=\toks25
\row@=\count307
\column@=\count308
\maxfields@=\count309
\andhelp@=\toks26
\eqnshift@=\dimen162
\alignsep@=\dimen163
\tagshift@=\dimen164
\tagwidth@=\dimen165
\totwidth@=\dimen166
\lineht@=\dimen167
\@envbody=\toks27
\multlinegap=\skip53
\multlinetaggap=\skip54
\mathdisplay@stack=\toks28
LaTeX Info: Redefining \[ on input line 2950.
LaTeX Info: Redefining \] on input line 2951.
) (/usr/share/texmf-dist/tex/latex/amsfonts/amssymb.sty
Package: amssymb 2013/01/14 v3.01 AMS font symbols
 (/usr/share/texmf-dist/tex/latex/amsfonts/amsfonts.sty
Package: amsfonts 2013/01/14 v3.01 Basic AMSFonts support
\symAMSa=\mathgroup4
\symAMSb=\mathgroup5
LaTeX Font Info:    Redeclaring math symbol \hbar on input line 98.
LaTeX Font Info:    Overwriting math alphabet `\mathfrak' in version `bold'
(Font)                  U/euf/m/n --> U/euf/b/n on input line 106.
)) (/usr/share/texmf-dist/tex/latex/graphics/graphicx.sty
Package: graphicx 2024/12/31 v1.2e Enhanced LaTeX Graphics (DPC,SPQR)
 (/usr/share/texmf-dist/tex/latex/graphics/graphics.sty
Package: graphics 2024/08/06 v1.4g Standard LaTeX Graphics (DPC,SPQR)
 (/usr/share/texmf-dist/tex/latex/graphics/trig.sty
Package: trig 2023/12/02 v1.11 sin cos tan (DPC)
) (/usr/share/texmf-dist/tex/latex/graphics-cfg/graphics.cfg
File: graphics.cfg 2016/06/04 v1.11 sample graphics configuration
)
Package graphics Info: Driver file: pdftex.def on input line 106.
 (/usr/share/texmf-dist/tex/latex/graphics-def/pdftex.def
File: pdftex.def 2025/09/29 v1.2d Graphics/color driver for pdftex
))
\Gin@req@height=\dimen168
\Gin@req@width=\dimen169
) (/usr/share/texmf-dist/tex/latex/float/float.sty
Package: float 2001/11/08 v1.3d Float enhancements (AL)
\c@float@type=\count310
\float@exts=\toks29
\float@box=\box56
\@float@everytoks=\toks30
\@floatcapt=\box57
) (/usr/share/texmf-dist/tex/latex/caption/caption.sty
Package: caption 2023/08/05 v3.6o Customizing captions (AR)
 (/usr/share/texmf-dist/tex/latex/caption/caption3.sty
Package: caption3 2023/07/31 v2.4d caption3 kernel (AR)
\caption@tempdima=\dimen170
\captionmargin=\dimen171
\caption@leftmargin=\dimen172
\caption@rightmargin=\dimen173
\caption@width=\dimen174
\caption@indent=\dimen175
\caption@parindent=\dimen176
\caption@hangindent=\dimen177
Package caption Info: Standard document class detected.
)
\c@caption@flags=\count311
\c@continuedfloat=\count312
Package caption Info: float package is loaded.
) (/usr/share/texmf-dist/tex/latex/caption/subcaption.sty
Package: subcaption 2023/07/28 v1.6b Sub-captions (AR)
Package caption Info: New subtype `subfigure' on input line 238.
\c@subfigure=\count313
Package caption Info: New subtype `subtable' on input line 238.
\c@subtable=\count314
) (/usr/share/texmf-dist/tex/latex/wrapfig/wrapfig.sty
\wrapoverhang=\dimen178
\WF@size=\dimen179
\c@WF@wrappedlines=\count315
\WF@box=\box58
\WF@everypar=\toks31
Package: wrapfig 2003/01/31  v 3.6
) (/usr/share/texmf-dist/tex/latex/tools/array.sty
Package: array 2025/09/25 v2.6n Tabular extension package (FMi)
\col@sep=\dimen180
\ar@mcellbox=\box59
\extrarowheight=\dimen181
\NC@list=\toks32
\extratabsurround=\skip55
\backup@length=\skip56
\ar@cellbox=\box60
) (/usr/share/texmf-dist/tex/latex/booktabs/booktabs.sty
Package: booktabs 2020/01/12 v1.61803398 Publication quality tables
\heavyrulewidth=\dimen182
\lightrulewidth=\dimen183
\cmidrulewidth=\dimen184
\belowrulesep=\dimen185
\belowbottomsep=\dimen186
\aboverulesep=\dimen187
\abovetopsep=\dimen188
\cmidrulesep=\dimen189
\cmidrulekern=\dimen190
\defaultaddspace=\dimen191
\@cmidla=\count316
\@cmidlb=\count317
\@aboverulesep=\dimen192
\@belowrulesep=\dimen193
\@thisruleclass=\count318
\@lastruleclass=\count319
\@thisrulewidth=\dimen194
) (/usr/share/texmf-dist/tex/latex/tools/longtable.sty
Package: longtable 2025-10-13 v4.24 Multi-page Table package (DPC)
\LTleft=\skip57
\LTright=\skip58
\LTpre=\skip59
\LTpost=\skip60
\LTchunksize=\count320
\LTcapwidth=\dimen195
\LT@head=\box61
\LT@firsthead=\box62
\LT@foot=\box63
\LT@lastfoot=\box64
\LT@gbox=\box65
\LT@cols=\count321
\LT@rows=\count322
\c@LT@tables=\count323
\c@LT@chunks=\count324
\LT@p@ftn=\toks33
) (/usr/share/texmf-dist/tex/latex/tools/tabularx.sty
Package: tabularx 2023/12/11 v2.12a `tabularx' package (DPC)
\TX@col@width=\dimen196
\TX@old@table=\dimen197
\TX@old@col=\dimen198
\TX@target=\dimen199
\TX@delta=\dimen256
\TX@cols=\count325
\TX@ftn=\toks34
) (/usr/share/texmf-dist/tex/latex/multirow/multirow.sty
Package: multirow 2024/11/12 v2.9 Span multiple rows of a table
\multirow@colwidth=\skip61
\multirow@cntb=\count326
\multirow@dima=\skip62
\bigstrutjot=\dimen257
) (/usr/share/texmf-dist/tex/latex/graphics/rotating.sty
Package: rotating 2025/01/14 v2.16e rotated objects in LaTeX
 (/usr/share/texmf-dist/tex/latex/base/ifthen.sty
Package: ifthen 2024/03/16 v1.1e Standard LaTeX ifthen package (DPC)
)
\c@r@tfl@t=\count327
\rotFPtop=\skip63
\rotFPbot=\skip64
\rot@float@box=\box66
\rot@mess@toks=\toks35
) (/usr/share/texmf-dist/tex/latex/xcolor/xcolor.sty
Package: xcolor 2024/09/29 v3.02 LaTeX color extensions (UK)
 (/usr/share/texmf-dist/tex/latex/graphics-cfg/color.cfg
File: color.cfg 2016/01/02 v1.6 sample color configuration
)
Package xcolor Info: Driver file: pdftex.def on input line 274.
 (/usr/share/texmf-dist/tex/latex/graphics/mathcolor.ltx)
Package xcolor Info: Model `cmy' substituted by `cmy0' on input line 1349.
Package xcolor Info: Model `hsb' substituted by `rgb' on input line 1353.
Package xcolor Info: Model `RGB' extended on input line 1365.
Package xcolor Info: Model `HTML' substituted by `rgb' on input line 1367.
Package xcolor Info: Model `Hsb' substituted by `hsb' on input line 1368.
Package xcolor Info: Model `tHsb' substituted by `hsb' on input line 1369.
Package xcolor Info: Model `HSB' substituted by `hsb' on input line 1370.
Package xcolor Info: Model `Gray' substituted by `gray' on input line 1371.
Package xcolor Info: Model `wave' substituted by `hsb' on input line 1372.
) (/usr/share/texmf-dist/tex/latex/listings/listings.sty
\lst@mode=\count328
\lst@gtempboxa=\box67
\lst@token=\toks36
\lst@length=\count329
\lst@currlwidth=\dimen258
\lst@column=\count330
\lst@pos=\count331
\lst@lostspace=\dimen259
\lst@width=\dimen260
\lst@newlines=\count332
\lst@lineno=\count333
\lst@maxwidth=\dimen261
 (/usr/share/texmf-dist/tex/latex/listings/lstpatch.sty
File: lstpatch.sty 2025/11/14 1.11b (Carsten Heinz)
) (/usr/share/texmf-dist/tex/latex/listings/lstmisc.sty
File: lstmisc.sty 2025/11/14 1.11b (Carsten Heinz)
\c@lstnumber=\count334
\lst@skipnumbers=\count335
\lst@framebox=\box68
) (/usr/share/texmf-dist/tex/latex/listings/listings.cfg
File: listings.cfg 2025/11/14 1.11b listings configuration
))
Package: listings 2025/11/14 1.11b (Carsten Heinz)

==> First Aid for listings.sty no longer applied!
    Expected:
        2024/09/23 1.10c (Carsten Heinz)
    but found:
        2025/11/14 1.11b (Carsten Heinz)
    so I'm assuming it got fixed.
(/usr/share/texmf-dist/tex/latex/hyperref/hyperref.sty
Package: hyperref 2026-01-29 v7.01p Hypertext links for LaTeX
 (/usr/share/texmf-dist/tex/latex/kvsetkeys/kvsetkeys.sty
Package: kvsetkeys 2022-10-05 v1.19 Key value parser (HO)
) (/usr/share/texmf-dist/tex/generic/kvdefinekeys/kvdefinekeys.sty
Package: kvdefinekeys 2019-12-19 v1.6 Define keys (HO)
) (/usr/share/texmf-dist/tex/generic/pdfescape/pdfescape.sty
Package: pdfescape 2019/12/09 v1.15 Implements pdfTeX's escape features (HO)
 (/usr/share/texmf-dist/tex/generic/ltxcmds/ltxcmds.sty
Package: ltxcmds 2023-12-04 v1.26 LaTeX kernel commands for general use (HO)
) (/usr/share/texmf-dist/tex/generic/pdftexcmds/pdftexcmds.sty
Package: pdftexcmds 2020-06-27 v0.33 Utility functions of pdfTeX for LuaTeX (HO)
 (/usr/share/texmf-dist/tex/generic/infwarerr/infwarerr.sty
Package: infwarerr 2019/12/03 v1.5 Providing info/warning/error messages (HO)
)
Package pdftexcmds Info: \pdf@primitive is available.
Package pdftexcmds Info: \pdf@ifprimitive is available.
Package pdftexcmds Info: \pdfdraftmode found.
)) (/usr/share/texmf-dist/tex/latex/hycolor/hycolor.sty
Package: hycolor 2020-01-27 v1.10 Color options for hyperref/bookmark (HO)
) (/usr/share/texmf-dist/tex/latex/hyperref/nameref.sty
Package: nameref 2026-01-29 v2.58 Cross-referencing by name of section
 (/usr/share/texmf-dist/tex/latex/refcount/refcount.sty
Package: refcount 2019/12/15 v3.6 Data extraction from label references (HO)
) (/usr/share/texmf-dist/tex/generic/gettitlestring/gettitlestring.sty
Package: gettitlestring 2019/12/15 v1.6 Cleanup title references (HO)
 (/usr/share/texmf-dist/tex/latex/kvoptions/kvoptions.sty
Package: kvoptions 2022-06-15 v3.15 Key value format for package options (HO)
))
\c@section@level=\count336
) (/usr/share/texmf-dist/tex/generic/stringenc/stringenc.sty
Package: stringenc 2019/11/29 v1.12 Convert strings between diff. encodings (HO)
)
\@linkdim=\dimen262
\Hy@linkcounter=\count337
\Hy@pagecounter=\count338
 (/usr/share/texmf-dist/tex/latex/hyperref/pd1enc.def
File: pd1enc.def 2026-01-29 v7.01p Hyperref: PDFDocEncoding definition (HO)
Now handling font encoding PD1 ...
... no UTF-8 mapping file for font encoding PD1
) (/usr/share/texmf-dist/tex/generic/intcalc/intcalc.sty
Package: intcalc 2019/12/15 v1.3 Expandable calculations with integers (HO)
)
\Hy@SavedSpaceFactor=\count339
 (/usr/share/texmf-dist/tex/latex/hyperref/puenc.def
File: puenc.def 2026-01-29 v7.01p Hyperref: PDF Unicode definition (HO)
Now handling font encoding PU ...
... no UTF-8 mapping file for font encoding PU
)
Package hyperref Info: Option `colorlinks' set `true' on input line 4072.
Package hyperref Info: Hyper figures OFF on input line 4201.
Package hyperref Info: Link nesting OFF on input line 4206.
Package hyperref Info: Hyper index ON on input line 4209.
Package hyperref Info: Plain pages OFF on input line 4216.
Package hyperref Info: Backreferencing OFF on input line 4221.
Package hyperref Info: Implicit mode ON; LaTeX internals redefined.
Package hyperref Info: Bookmarks ON on input line 4468.
\c@Hy@tempcnt=\count340
 (/usr/share/texmf-dist/tex/latex/url/url.sty
\Urlmuskip=\muskip18
Package: url 2013/09/16  ver 3.4  Verb mode for urls, etc.
)
LaTeX Info: Redefining \url on input line 4807.
\XeTeXLinkMargin=\dimen263
 (/usr/share/texmf-dist/tex/generic/bitset/bitset.sty
Package: bitset 2019/12/09 v1.3 Handle bit-vector datatype (HO)
 (/usr/share/texmf-dist/tex/generic/bigintcalc/bigintcalc.sty
Package: bigintcalc 2019/12/15 v1.5 Expandable calculations on big integers (HO)
))
\Fld@menulength=\count341
\Field@Width=\dimen264
\Fld@charsize=\dimen265
Package hyperref Info: Hyper figures OFF on input line 6084.
Package hyperref Info: Link nesting OFF on input line 6089.
Package hyperref Info: Hyper index ON on input line 6092.
Package hyperref Info: backreferencing OFF on input line 6099.
Package hyperref Info: Link coloring ON on input line 6102.
Package hyperref Info: Link coloring with OCG OFF on input line 6109.
Package hyperref Info: PDF/A mode OFF on input line 6114.
\Hy@abspage=\count342
\c@Item=\count343
\c@Hfootnote=\count344
)
Package hyperref Info: Driver (autodetected): hpdftex.
 (/usr/share/texmf-dist/tex/latex/hyperref/hpdftex.def
File: hpdftex.def 2026-01-29 v7.01p Hyperref driver for pdfTeX
\Fld@listcount=\count345
\c@bookmark@seq@number=\count346
 (/usr/share/texmf-dist/tex/latex/rerunfilecheck/rerunfilecheck.sty
Package: rerunfilecheck 2025-06-21 v1.11 Rerun checks for auxiliary files (HO)
 (/usr/share/texmf-dist/tex/generic/uniquecounter/uniquecounter.sty
Package: uniquecounter 2019/12/15 v1.4 Provide unlimited unique counter (HO)
)
Package uniquecounter Info: New unique counter `rerunfilecheck' on input line 284.
)
\Hy@SectionHShift=\skip65
) (/usr/share/texmf-dist/tex/latex/fancyhdr/fancyhdr.sty
Package: fancyhdr 2025/02/07 v5.2 Extensive control of page headers and footers
\f@nch@headwidth=\skip66
\f@nch@offset@elh=\skip67
\f@nch@offset@erh=\skip68
\f@nch@offset@olh=\skip69
\f@nch@offset@orh=\skip70
\f@nch@offset@elf=\skip71
\f@nch@offset@erf=\skip72
\f@nch@offset@olf=\skip73
\f@nch@offset@orf=\skip74
\f@nch@height=\skip75
\f@nch@footalignment=\skip76
\f@nch@widthL=\skip77
\f@nch@widthC=\skip78
\f@nch@widthR=\skip79
\@temptokenb=\toks37
) (/usr/share/texmf-dist/tex/latex/tocloft/tocloft.sty
Package: tocloft 2017/08/31 v2.3i parameterised ToC, etc., typesetting
Package tocloft Info: The document has chapter divisions on input line 51.
\cftparskip=\skip80
\cftbeforetoctitleskip=\skip81
\cftaftertoctitleskip=\skip82
\cftbeforepartskip=\skip83
\cftpartnumwidth=\skip84
\cftpartindent=\skip85
\cftbeforechapskip=\skip86
\cftchapindent=\skip87
\cftchapnumwidth=\skip88
\cftbeforesecskip=\skip89
\cftsecindent=\skip90
\cftsecnumwidth=\skip91
\cftbeforesubsecskip=\skip92
\cftsubsecindent=\skip93
\cftsubsecnumwidth=\skip94
\cftbeforesubsubsecskip=\skip95
\cftsubsubsecindent=\skip96
\cftsubsubsecnumwidth=\skip97
\cftbeforeparaskip=\skip98
\cftparaindent=\skip99
\cftparanumwidth=\skip100
\cftbeforesubparaskip=\skip101
\cftsubparaindent=\skip102
\cftsubparanumwidth=\skip103
\cftbeforeloftitleskip=\skip104
\cftafterloftitleskip=\skip105
\cftbeforefigskip=\skip106
\cftfigindent=\skip107
\cftfignumwidth=\skip108
\c@lofdepth=\count347
\c@lotdepth=\count348
\cftbeforelottitleskip=\skip109
\cftafterlottitleskip=\skip110
\cftbeforetabskip=\skip111
\cfttabindent=\skip112
\cfttabnumwidth=\skip113
) (/usr/share/texmf-dist/tex/latex/enumitem/enumitem.sty
Package: enumitem 2025/02/06 v3.11 Customized lists
\labelindent=\skip114
\enit@outerparindent=\dimen266
\enit@toks=\toks38
\enit@inbox=\box69
\enit@count@id=\count349
\enitdp@description=\count350
) (/usr/share/texmf-dist/tex/latex/appendix/appendix.sty
Package: appendix 2020/02/08 v1.2c extra appendix facilities
\c@@pps=\count351
\c@@ppsavesec=\count352
\c@@ppsaveapp=\count353
) (/usr/share/texmf-dist/tex/latex/biblatex/biblatex.sty
Package: biblatex 2025/07/10 v3.21 programmable bibliographies (PK/MW)
 (/usr/share/texmf-dist/tex/latex/logreq/logreq.sty
Package: logreq 2010/08/04 v1.0 xml request logger
\lrq@indent=\count354
 (/usr/share/texmf-dist/tex/latex/logreq/logreq.def
File: logreq.def 2010/08/04 v1.0 logreq spec v1.0
))
\c@tabx@nest=\count355
\c@listtotal=\count356
\c@listcount=\count357
\c@liststart=\count358
\c@liststop=\count359
\c@citecount=\count360
\c@citetotal=\count361
\c@multicitecount=\count362
\c@multicitetotal=\count363
\c@instcount=\count364
\c@maxnames=\count365
\c@minnames=\count366
\c@maxitems=\count367
\c@minitems=\count368
\c@citecounter=\count369
\c@maxcitecounter=\count370
\c@savedcitecounter=\count371
\c@uniquelist=\count372
\c@uniquename=\count373
\c@refsection=\count374
\c@refsegment=\count375
\c@maxextratitle=\count376
\c@maxextratitleyear=\count377
\c@maxextraname=\count378
\c@maxextradate=\count379
\c@maxextraalpha=\count380
\c@abbrvpenalty=\count381
\c@highnamepenalty=\count382
\c@lownamepenalty=\count383
\c@maxparens=\count384
\c@parenlevel=\count385
\blx@tempcnta=\count386
\blx@tempcntb=\count387
\blx@tempcntc=\count388
\c@blx@maxsection=\count389
\blx@maxsegment@0=\count390
\blx@notetype=\count391
\blx@parenlevel@text=\count392
\blx@parenlevel@foot=\count393
\blx@sectionciteorder@0=\count394
\blx@sectionciteorderinternal@0=\count395
\blx@entrysetcounter=\count396
\blx@biblioinstance=\count397
\labelnumberwidth=\skip115
\labelalphawidth=\skip116
\biblabelsep=\skip117
\bibitemsep=\skip118
\bibnamesep=\skip119
\bibinitsep=\skip120
\bibparsep=\skip121
\bibhang=\skip122
\blx@bcfin=\read3
\blx@bcfout=\write3
\blx@langwohyphens=\language92
\c@mincomprange=\count398
\c@maxcomprange=\count399
\c@mincompwidth=\count400
Package biblatex Info: Trying to load biblatex default data model...
Package biblatex Info: ... file 'blx-dm.def' found.
 (/usr/share/texmf-dist/tex/latex/biblatex/blx-dm.def
File: blx-dm.def 2025/07/10 v3.21 biblatex datamodel (PK/MW)
)
Package biblatex Info: Trying to load biblatex style data model...
Package biblatex Info: ... file 'numeric.dbx' not found.
Package biblatex Info: Trying to load biblatex custom data model...
Package biblatex Info: ... file 'biblatex-dm.cfg' not found.
\c@afterword=\count401
\c@savedafterword=\count402
\c@annotator=\count403
\c@savedannotator=\count404
\c@author=\count405
\c@savedauthor=\count406
\c@bookauthor=\count407
\c@savedbookauthor=\count408
\c@commentator=\count409
\c@savedcommentator=\count410
\c@editor=\count411
\c@savededitor=\count412
\c@editora=\count413
\c@savededitora=\count414
\c@editorb=\count415
\c@savededitorb=\count416
\c@editorc=\count417
\c@savededitorc=\count418
\c@foreword=\count419
\c@savedforeword=\count420
\c@holder=\count421
\c@savedholder=\count422
\c@introduction=\count423
\c@savedintroduction=\count424
\c@namea=\count425
\c@savednamea=\count426
\c@nameb=\count427
\c@savednameb=\count428
\c@namec=\count429
\c@savednamec=\count430
\c@translator=\count431
\c@savedtranslator=\count432
\c@shortauthor=\count433
\c@savedshortauthor=\count434
\c@shorteditor=\count435
\c@savedshorteditor=\count436
\c@labelname=\count437
\c@savedlabelname=\count438
\c@institution=\count439
\c@savedinstitution=\count440
\c@lista=\count441
\c@savedlista=\count442
\c@listb=\count443
\c@savedlistb=\count444
\c@listc=\count445
\c@savedlistc=\count446
\c@listd=\count447
\c@savedlistd=\count448
\c@liste=\count449
\c@savedliste=\count450
\c@listf=\count451
\c@savedlistf=\count452
\c@location=\count453
\c@savedlocation=\count454
\c@organization=\count455
\c@savedorganization=\count456
\c@origlocation=\count457
\c@savedoriglocation=\count458
\c@origpublisher=\count459
\c@savedorigpublisher=\count460
\c@publisher=\count461
\c@savedpublisher=\count462
\c@language=\count463
\c@savedlanguage=\count464
\c@origlanguage=\count465
\c@savedoriglanguage=\count466
\c@pageref=\count467
\c@savedpageref=\count468
\shorthandwidth=\skip123
\shortjournalwidth=\skip124
\shortserieswidth=\skip125
\shorttitlewidth=\skip126
\shortauthorwidth=\skip127
\shorteditorwidth=\skip128
\locallabelnumberwidth=\skip129
\locallabelalphawidth=\skip130
\localshorthandwidth=\skip131
\localshortjournalwidth=\skip132
\localshortserieswidth=\skip133
\localshorttitlewidth=\skip134
\localshortauthorwidth=\skip135
\localshorteditorwidth=\skip136
Package biblatex Info: Trying to load compatibility code...
Package biblatex Info: ... file 'blx-compat.def' found.
 (/usr/share/texmf-dist/tex/latex/biblatex/blx-compat.def
File: blx-compat.def 2025/07/10 v3.21 biblatex compatibility (PK/MW)
)
Package biblatex Info: Trying to load BibTeX backend compatibility...
Package biblatex Info: ... file 'blx-bibtex.def' found.
 (/usr/share/texmf-dist/tex/latex/biblatex/blx-bibtex.def
File: blx-bibtex.def 2025/07/10 v3.21 biblatex compatibility (PK/MW)


Package biblatex Warning: Using fall-back bibtex backend:
(biblatex)                functionality may be reduced/unavailable.

)
Package biblatex Info: Trying to load generic definitions...
Package biblatex Info: ... file 'biblatex.def' found.
 (/usr/share/texmf-dist/tex/latex/biblatex/biblatex.def
File: biblatex.def 2025/07/10 v3.21 biblatex compatibility (PK/MW)
\c@textcitecount=\count469
\c@textcitetotal=\count470
\c@textcitemaxnames=\count471
\c@biburlbigbreakpenalty=\count472
\c@biburlbreakpenalty=\count473
\c@biburlnumpenalty=\count474
\c@biburlucpenalty=\count475
\c@biburllcpenalty=\count476
\biburlbigskip=\muskip19
\biburlnumskip=\muskip20
\biburlucskip=\muskip21
\biburllcskip=\muskip22
\c@smartand=\count477
)
Package biblatex Info: Trying to load bibliography style 'numeric'...
Package biblatex Info: ... file 'numeric.bbx' found.
 (/usr/share/texmf-dist/tex/latex/biblatex/bbx/numeric.bbx
File: numeric.bbx 2025/07/10 v3.21 biblatex bibliography style (PK/MW)
Package biblatex Info: Trying to load bibliography style 'standard'...
Package biblatex Info: ... file 'standard.bbx' found.
 (/usr/share/texmf-dist/tex/latex/biblatex/bbx/standard.bbx
File: standard.bbx 2025/07/10 v3.21 biblatex bibliography style (PK/MW)
\c@bbx:relatedcount=\count478
\c@bbx:relatedtotal=\count479
))
Package biblatex Info: Trying to load citation style 'numeric'...
Package biblatex Info: ... file 'numeric.cbx' found.
 (/usr/share/texmf-dist/tex/latex/biblatex/cbx/numeric.cbx
File: numeric.cbx 2025/07/10 v3.21 biblatex citation style (PK/MW)
Package biblatex Info: Redefining '\cite'.
Package biblatex Info: Redefining '\parencite'.
Package biblatex Info: Redefining '\footcite'.
Package biblatex Info: Redefining '\footcitetext'.
Package biblatex Info: Redefining '\smartcite'.
Package biblatex Info: Redefining '\supercite'.
Package biblatex Info: Redefining '\textcite'.
Package biblatex Info: Redefining '\textcites'.
Package biblatex Info: Redefining '\cites'.
Package biblatex Info: Redefining '\parencites'.
Package biblatex Info: Redefining '\smartcites'.
)
Package biblatex Info: Trying to load configuration file...
Package biblatex Info: ... file 'biblatex.cfg' found.
 (/usr/share/texmf-dist/tex/latex/biblatex/biblatex.cfg
File: biblatex.cfg 
)
Package biblatex Info: Input encoding 'utf8' detected.
Package biblatex Info: Document encoding is UTF8 ....
 (/usr/share/texmf-dist/tex/latex/l3kernel/expl3.sty
Package: expl3 2026-01-19 L3 programming layer (loader) 
 (/usr/share/texmf-dist/tex/latex/l3backend/l3backend-pdftex.def
File: l3backend-pdftex.def 2025-10-09 L3 backend support: PDF output (pdfTeX)
\l__color_backend_stack_int=\count480
))
Package biblatex Info: ... and expl3
(biblatex)             2026-01-19 L3 programming layer (loader) 
(biblatex)             is new enough (at least 2020/04/06),
(biblatex)             setting 'casechanger=expl3'.
 (/usr/share/texmf-dist/tex/latex/biblatex/blx-case-expl3.sty (/usr/share/texmf-dist/tex/latex/l3packages/xparse/xparse.sty
Package: xparse 2025-10-09 L3 Experimental document command parser
)
Package: blx-case-expl3 2025/07/10 v3.21 expl3 case changing code for biblatex
)))
Package csquotes Info: Checking for multilingual support...
Package csquotes Info: ... found 'babel' package.
Package csquotes Info: Adjusting default style.
Package csquotes Info: Redefining alias 'default' -> 'english'.
LaTeX Font Info:    Trying to load font information for T1+lmr on input line 8.
 (/usr/share/texmf-dist/tex/latex/lm/t1lmr.fd
File: t1lmr.fd 2015/05/01 v1.6.1 Font defs for Latin Modern
) (./main.aux (./chapters/chapter1.aux) (./chapters/chapter2.aux) (./chapters/chapter3.aux) (./chapters/chapter4.aux) (./chapters/chapter5.aux) (./chapters/chapter6.aux) (./chapters/appendix_a.aux))
\openout1 = `main.aux'.

LaTeX Font Info:    Checking defaults for OML/cmm/m/it on input line 8.
LaTeX Font Info:    ... okay on input line 8.
LaTeX Font Info:    Checking defaults for OMS/cmsy/m/n on input line 8.
LaTeX Font Info:    ... okay on input line 8.
LaTeX Font Info:    Checking defaults for OT1/cmr/m/n on input line 8.
LaTeX Font Info:    ... okay on input line 8.
LaTeX Font Info:    Checking defaults for T1/cmr/m/n on input line 8.
LaTeX Font Info:    ... okay on input line 8.
LaTeX Font Info:    Checking defaults for TS1/cmr/m/n on input line 8.
LaTeX Font Info:    ... okay on input line 8.
LaTeX Font Info:    Checking defaults for OMX/cmex/m/n on input line 8.
LaTeX Font Info:    ... okay on input line 8.
LaTeX Font Info:    Checking defaults for U/cmr/m/n on input line 8.
LaTeX Font Info:    ... okay on input line 8.
LaTeX Font Info:    Checking defaults for PD1/pdf/m/n on input line 8.
LaTeX Font Info:    ... okay on input line 8.
LaTeX Font Info:    Checking defaults for PU/pdf/m/n on input line 8.
LaTeX Font Info:    ... okay on input line 8.

*geometry* driver: auto-detecting
*geometry* detected driver: pdftex
*geometry* verbose mode - [ preamble ] result:
* driver: pdftex
* paper: a4paper
* layout: <same size as paper>
* layoutoffset:(h,v)=(0.0pt,0.0pt)
* modes: includehead includefoot twoside 
* h-part:(L,W,R)=(85.35826pt, 441.01773pt, 71.13188pt)
* v-part:(T,H,B)=(71.13188pt, 702.78308pt, 71.13188pt)
* \paperwidth=597.50787pt
* \paperheight=845.04684pt
* \textwidth=441.01773pt
* \textheight=638.40929pt
* \oddsidemargin=13.08827pt
* \evensidemargin=-1.1381pt
* \topmargin=-1.1381pt
* \headheight=14.5pt
* \headsep=19.8738pt
* \topskip=12.0pt
* \footskip=30.0pt
* \marginparwidth=88.0pt
* \marginparsep=7.0pt
* \columnsep=10.0pt
* \skip\footins=10.8pt plus 4.0pt minus 2.0pt
* \hoffset=0.0pt
* \voffset=0.0pt
* \mag=1000
* \@twocolumnfalse
* \@twosidetrue
* \@mparswitchtrue
* \@reversemarginfalse
* (1in=72.27pt=25.4mm, 1cm=28.453pt)

LaTeX Info: Redefining \microtypecontext on input line 8.
Package microtype Info: Applying patch `item' on input line 8.
Package microtype Info: Applying patch `toc' on input line 8.
Package microtype Info: Applying patch `eqnum' on input line 8.
Package microtype Info: Applying patch `footnote' on input line 8.
Package microtype Info: Applying patch `verbatim' on input line 8.
LaTeX Info: Redefining \microtypesetup on input line 8.
Package microtype Info: Generating PDF output.
Package microtype Info: Character protrusion enabled (level 2).
Package microtype Info: Using default protrusion set `alltext'.
Package microtype Info: Automatic font expansion enabled (level 2),
(microtype)             stretch: 20, shrink: 20, step: 1, non-selected.
Package microtype Info: Using default expansion set `alltext-nott'.
Package microtype Info: Patching command `\showhyphens'.
Package microtype Info: No adjustment of tracking.
Package microtype Info: No adjustment of interword spacing.
Package microtype Info: No adjustment of character kerning.
(/usr/share/texmf-dist/tex/latex/microtype/mt-cmr.cfg
File: mt-cmr.cfg 2013/05/19 v2.2 microtype config. file: Computer Modern Roman (RS)
) (/usr/share/texmf-dist/tex/context/base/mkii/supp-pdf.mkii
[Loading MPS to PDF converter (version 2006.09.02).]
\scratchcounter=\count481
\scratchdimen=\dimen267
\scratchbox=\box70
\nofMPsegments=\count482
\nofMParguments=\count483
\everyMPshowfont=\toks39
\MPscratchCnt=\count484
\MPscratchDim=\dimen268
\MPnumerator=\count485
\makeMPintoPDFobject=\count486
\everyMPtoPDFconversion=\toks40
) (/usr/share/texmf-dist/tex/latex/epstopdf-pkg/epstopdf-base.sty
Package: epstopdf-base 2020-01-24 v2.11 Base part for package epstopdf
Package epstopdf-base Info: Redefining graphics rule for `.eps' on input line 485.
 (/usr/share/texmf-dist/tex/latex/latexconfig/epstopdf-sys.cfg
File: epstopdf-sys.cfg 2010/07/13 v1.3 Configuration of (r)epstopdf for TeX Live
))
Package caption Info: Begin \AtBeginDocument code.
Package caption Info: hyperref package is loaded.
Package caption Info: listings package is loaded.
Package caption Info: longtable package is loaded.
 (/usr/share/texmf-dist/tex/latex/caption/ltcaption.sty
Package: ltcaption 2021/01/08 v1.4c longtable captions (AR)
)
Package caption Info: rotating package is loaded.
Package caption Info: wrapfig package is loaded.
Package caption Info: End \AtBeginDocument code.
\c@lstlisting=\count487
Package hyperref Info: Link coloring ON on input line 8.
 (./main.out) (./main.out)
\@outlinefile=\write4
\openout4 = `main.out'.

Package biblatex Info: Trying to load language 'english'...
Package biblatex Info: ... file 'english.lbx' found.
 (/usr/share/texmf-dist/tex/latex/biblatex/lbx/english.lbx
File: english.lbx 2025/07/10 v3.21 biblatex localization (PK/MW)
)
Package biblatex Info: Input encoding 'utf8' detected.
Package biblatex Info: Automatic encoding selection.
(biblatex)             Assuming data encoding 'utf8'.
Package biblatex Info: Input encoding 'utf8' detected.
Package biblatex Info: Data encoding 'utf8' specified.
(biblatex)             No need to reencode data.
\openout3 = `main-blx.bib'.

Package biblatex Info: Trying to load bibliographic data...
Package biblatex Info: ... file 'main.bbl' found.
 (./main.bbl)
Package biblatex Info: Reference section=0 on input line 8.
Package biblatex Info: Reference segment=0 on input line 8.
 (./titlepage.tex
<frontmatter/figures/logo-faculty.png, id=602, 150.5625pt x 150.5625pt>
File: frontmatter/figures/logo-faculty.png Graphic file (type png)
<use frontmatter/figures/logo-faculty.png>
Package pdftex.def Info: frontmatter/figures/logo-faculty.png  used on input line 8.
(pdftex.def)             Requested size: 71.13188pt x 71.13425pt.
<frontmatter/figures/logo-university.png, id=604, 90.3375pt x 90.3375pt>
File: frontmatter/figures/logo-university.png Graphic file (type png)
<use frontmatter/figures/logo-university.png>
Package pdftex.def Info: frontmatter/figures/logo-university.png  used on input line 10.
(pdftex.def)             Requested size: 71.13188pt x 71.13287pt.
 [1



{/var/lib/texmf/fonts/map/pdftex/updmap/pdftex.map}{/usr/share/texmf-dist/fonts/enc/dvips/lm/lm-ec.enc} <./frontmatter/figures/logo-faculty.png> <./frontmatter/figures/logo-university.png>]) [2

]
Package microtype Info: Character `029' is missing
(microtype)             in font `T1/lmr/m/sc/12'.
(microtype)             Ignoring protrusion settings for this character.
 [3

] (./main.toc
LaTeX Font Info:    Trying to load font information for OT1+lmr on input line 2.
 (/usr/share/texmf-dist/tex/latex/lm/ot1lmr.fd
File: ot1lmr.fd 2015/05/01 v1.6.1 Font defs for Latin Modern
)
LaTeX Font Info:    Trying to load font information for OML+lmm on input line 2.
 (/usr/share/texmf-dist/tex/latex/lm/omllmm.fd
File: omllmm.fd 2015/05/01 v1.6.1 Font defs for Latin Modern
)
LaTeX Font Info:    Trying to load font information for OMS+lmsy on input line 2.
 (/usr/share/texmf-dist/tex/latex/lm/omslmsy.fd
File: omslmsy.fd 2015/05/01 v1.6.1 Font defs for Latin Modern
)
LaTeX Font Info:    Trying to load font information for OMX+lmex on input line 2.
 (/usr/share/texmf-dist/tex/latex/lm/omxlmex.fd
File: omxlmex.fd 2015/05/01 v1.6.1 Font defs for Latin Modern
)
LaTeX Font Info:    External font `lmex10' loaded for size
(Font)              <12> on input line 2.
LaTeX Font Info:    External font `lmex10' loaded for size
(Font)              <8> on input line 2.
LaTeX Font Info:    External font `lmex10' loaded for size
(Font)              <6> on input line 2.
LaTeX Font Info:    Trying to load font information for U+msa on input line 2.
 (/usr/share/texmf-dist/tex/latex/amsfonts/umsa.fd
File: umsa.fd 2013/01/14 v3.01 AMS symbols A
) (/usr/share/texmf-dist/tex/latex/microtype/mt-msa.cfg
File: mt-msa.cfg 2006/02/04 v1.1 microtype config. file: AMS symbols (a) (RS)
)
LaTeX Font Info:    Trying to load font information for U+msb on input line 2.
 (/usr/share/texmf-dist/tex/latex/amsfonts/umsb.fd
File: umsb.fd 2013/01/14 v3.01 AMS symbols B
) (/usr/share/texmf-dist/tex/latex/microtype/mt-msb.cfg
File: mt-msb.cfg 2005/06/01 v1.0 microtype config. file: AMS symbols (b) (RS)
)
LaTeX Font Info:    External font `lmex10' loaded for size
(Font)              <14.4> on input line 3.
LaTeX Font Info:    External font `lmex10' loaded for size
(Font)              <10> on input line 3.
LaTeX Font Info:    External font `lmex10' loaded for size
(Font)              <7> on input line 3.
 [4] [5] [6]
LaTeX Font Info:    Trying to load font information for TS1+lmr on input line 131.
 (/usr/share/texmf-dist/tex/latex/lm/ts1lmr.fd
File: ts1lmr.fd 2015/05/01 v1.6.1 Font defs for Latin Modern
))
\tf@toc=\write5
\openout5 = `main.toc'.


Underfull \vbox (badness 1502) has occurred while \output is active []

 [7{/usr/share/texmf-dist/fonts/enc/dvips/lm/lm-ts1.enc}] [8] (./main.lof)
\tf@lof=\write6
\openout6 = `main.lof'.

 [9

] [10

] (./main.lot)
\tf@lot=\write7
\openout7 = `main.lot'.

 [11] [12

] [1


] [2]
\openout2 = `chapters/chapter1.aux'.

 (./chapters/chapter1.tex
Chapter 1.
[3


] [4] [5] [6] [7] [8]) [9]
\openout2 = `chapters/chapter2.aux'.

 (./chapters/chapter2.tex [10




]
Chapter 2.
[11] [12] [13] [14] [15] [16] [17] [18] [19] [20] [21] [22] [23] [24] [25] [26]) [27]
\openout2 = `chapters/chapter3.aux'.

 (./chapters/chapter3.tex [28




]
Chapter 3.
[29] [30] [31]
Underfull \vbox (badness 3189) has occurred while \output is active []

 [32] [33] [34] [35] [36] [37] [38]
Overfull \hbox (5.60332pt too wide) in paragraph at lines 626--629
[]\T1/lmr/m/n/12 (-20) UC-09 Au-to-matic Hard-ware Sys-tem Ap-ply the light-ing FR-LC-01, FR-LC- Occupancy-
 []

[39] [40]
./chapters/chapter3.tex:775: Missing $ inserted.
<inserted text> 
                $
l.775 CAMERA_
             UNAVAILABLE fault and
I've inserted a begin-math/end-math symbol since I think
you left one out. Proceed, with fingers crossed.

./chapters/chapter3.tex:777: Missing $ inserted.
<inserted text> 
                $
l.777 
      
I've inserted a begin-math/end-math symbol since I think
you left one out. Proceed, with fingers crossed.

[41{/usr/share/texmf-dist/fonts/enc/dvips/lm/lm-mathsy.enc}{/usr/share/texmf-dist/fonts/enc/dvips/lm/lm-mathit.enc}] [42]
./chapters/chapter3.tex:958: Missing $ inserted.
<inserted text> 
                $
l.958 SENSOR_
             TIMEOUT if no
I've inserted a begin-math/end-math symbol since I think
you left one out. Proceed, with fingers crossed.

./chapters/chapter3.tex:963: Missing $ inserted.
<inserted text> 
                $
l.963 
      
I've inserted a begin-math/end-math symbol since I think
you left one out. Proceed, with fingers crossed.


Overfull \hbox (530.66096pt too wide) in paragraph at lines 957--963
[]\T1/lmr/m/n/12 (-20) FR-FH-01 The back-end shall gen-er-ate P1 SENSOR$[]\OML/lmm/m/it/12 IMEOUTifnoSensorReadingsrowarriveswithin\OT1/lmr/m/n/12 (-20) 15\OML/lmm/m/it/12 seconds; andCAMERA[]IMEOUTifnooccupancyupdatearriveswithin\OT1/lmr/m/n/12 (-20) 30\OML/lmm/m/it/12 seconds:$ 
 []

[43{/usr/share/texmf-dist/fonts/enc/dvips/lm/lm-rm.enc}] [44] [45] [46]
./chapters/chapter3.tex:1241: Missing $ inserted.
<inserted text> 
                $
l.1241 ...quence-diagram expression of the CAMERA_
                                                  UNAVAILABLE fault path def...
I've inserted a begin-math/end-math symbol since I think
you left one out. Proceed, with fingers crossed.


./chapters/chapter3.tex:1243: LaTeX Error: Command \end{itemize} invalid in math mode.

See the LaTeX manual or LaTeX Companion for explanation.
Type  H <return>  for immediate help.
 ...                                              
                                                  
l.1243 \end{itemize}
                    
Try typing  <return>  to proceed.
If that doesn't work, type  X <return>  to quit.

./chapters/chapter3.tex:1243: Missing $ inserted.
<inserted text> 
                $
l.1243 \end{itemize}
                    
I've inserted a begin-math/end-math symbol since I think
you left one out. Proceed, with fingers crossed.


Overfull \hbox (154.03654pt too wide) in paragraph at lines 1240--1243
\T1/lmr/m/n/12 (-20) tirely, which is the sequence-diagram ex-pres-sion of the CAMERA$[]\OML/lmm/m/it/12 NAVAILABLEfaultpathdefinedinFROD \OMS/lmsy/m/n/12 ^^@
 []


Overfull \hbox (278.67513pt too wide) in paragraph at lines 1240--1243
\OT1/lmr/m/n/12 (-20) 03 \OMS/lmsy/m/n/12 ^^@ ^^@ ^^@ \OML/lmm/m/it/12 thediagramshowsthehappypath; whilethefaultpathisspecifiedformallybythatrequirementratherthandrawnasasecondbranch:
 []


Underfull \hbox (badness 10000) in paragraph at lines 1240--1243

 []

./chapters/chapter3.tex:1279: Missing $ inserted.
<inserted text> 
                $
l.1279 ...esolution logic described in the camera_
                                                  sources.py and
I've inserted a begin-math/end-math symbol since I think
you left one out. Proceed, with fingers crossed.

./chapters/chapter3.tex:1281: Missing $ inserted.
<inserted text> 
                $
l.1281 
       
I've inserted a begin-math/end-math symbol since I think
you left one out. Proceed, with fingers crossed.


Overfull \hbox (57.1365pt too wide) in paragraph at lines 1275--1281
\T1/lmr/m/n/12 (-20) logic de-scribed in the camera$[]\OML/lmm/m/it/12 ources:pyanddroidip:pymodulesreferencedlaterinthedesignchapter:$ 
 []

[47]
./chapters/chapter3.tex:1295: Missing $ inserted.
<inserted text> 
                $
l.1295 the create_
                  capture/_ensure_camera_started logic in the streaming serv...
I've inserted a begin-math/end-math symbol since I think
you left one out. Proceed, with fingers crossed.

./chapters/chapter3.tex:1301: Missing $ inserted.
<inserted text> 
                $
l.1301 
       
I've inserted a begin-math/end-math symbol since I think
you left one out. Proceed, with fingers crossed.


Overfull \hbox (87.14967pt too wide) in paragraph at lines 1291--1301
\T1/lmr/m/n/12 (-20) pooling be-haviour im-ple-mented by the create$[]\OML/lmm/m/it/12 apture=[]nsure[]amera[]tartedlogicinthestreamingservice \OMS/lmsy/m/n/12 ^^@
 []


Overfull \hbox (285.9287pt too wide) in paragraph at lines 1291--1301
\OMS/lmsy/m/n/12 ^^@ ^^@ \OML/lmm/m/it/12 analready \OMS/lmsy/m/n/12 ^^@ \OML/lmm/m/it/12 registeredcameraisreusedratherthanreconnectedoneveryrequest:Onceconnected; thediagramentersaloop\OT1/lmr/m/n/12 (-20) [\OML/lmm/m/it/12 StreamingActive\OT1/lmr/m/n/12 (-20) ] :
 []


Overfull \hbox (283.45749pt too wide) in paragraph at lines 1291--1301
\OML/lmm/m/it/12 theCameracontinuouslysendsvideodatatotheCameraService\OT1/lmr/m/n/12 (-20) (\OML/lmm/m/it/12 step\OT1/lmr/m/n/12 (-20) 5)\OML/lmm/m/it/12 ; whichforwardsthestreamtotheSystem\OT1/lmr/m/n/12 (-20) (\OML/lmm/m/it/12 step\OT1/lmr/m/n/12 (-20) 6)\OML/lmm/m/it/12 :Thisloopisthesequence \OMS/lmsy/m/n/12 ^^@
 []


Overfull \hbox (218.67033pt too wide) in paragraph at lines 1291--1301
\OML/lmm/m/it/12 diagramviewofthelong \OMS/lmsy/m/n/12 ^^@ \OML/lmm/m/it/12 runningper \OMS/lmsy/m/n/12 ^^@ \OML/lmm/m/it/12 cameraworkerthreadthatkeepsreadingframesforaslongasthestreamremainsregistered:$ 
 []

./chapters/chapter3.tex:1317: Missing $ inserted.
<inserted text> 
                $
l.1317 condition (CAMERA_
                         UNAVAILABLE / CAMERA_TIMEOUT) in FR-OD-03 and FR-FH-01
I've inserted a begin-math/end-math symbol since I think
you left one out. Proceed, with fingers crossed.

./chapters/chapter3.tex:1319: Missing $ inserted.
<inserted text> 
                $
l.1319 
       
I've inserted a begin-math/end-math symbol since I think
you left one out. Proceed, with fingers crossed.


Overfull \hbox (12.96643pt too wide) in paragraph at lines 1313--1319
\OT1/lmr/m/n/12 (-20) 01\OML/lmm/m/it/12 regardlessofwhichconsumer \OMS/lmsy/m/n/12 ^^@ ^^@ ^^@ \OML/lmm/m/it/12 YOLOorahuman \OMS/lmsy/m/n/12 ^^@ ^^@ ^^@ \OML/lmm/m/it/12 iscurrentlyusingthestream:$ 
 []

[48]
Underfull \vbox (badness 10000) has occurred while \output is active []

 [49] [50] [51]) [52] [53



] [54]
\openout2 = `chapters/chapter4.aux'.

 (./chapters/chapter4.tex
Chapter 4.
[55


]
LaTeX Font Info:    Trying to load font information for T1+lmtt on input line 63.
 (/usr/share/texmf-dist/tex/latex/lm/t1lmtt.fd
File: t1lmtt.fd 2015/05/01 v1.6.1 Font defs for Latin Modern
)
Package microtype Info: Loading generic protrusion settings for font family
(microtype)             `lmtt' (encoding: T1).
(microtype)             For optimal results, create family-specific settings.
(microtype)             See the microtype manual for details.
 [56] [57] [58]
./chapters/chapter4.tex:285: Missing $ inserted.
<inserted text> 
                $
l.285 If WiFi.status() is not WL_
                                 CONNECTED at the top of the main loop, the ...
I've inserted a begin-math/end-math symbol since I think
you left one out. Proceed, with fingers crossed.

./chapters/chapter4.tex:291: Missing $ inserted.
<inserted text> 
                $
l.291 
      
I've inserted a begin-math/end-math symbol since I think
you left one out. Proceed, with fingers crossed.


Overfull \hbox (1103.72581pt too wide) in paragraph at lines 285--291
[]\T1/lmr/m/n/12 (-20) If WiFi.status() is not WL$[]\OML/lmm/m/it/12 ONNECTEDatthetopofthemainloop; thefirmwareattemptsreconnectionevery\OT1/lmr/m/n/12 (-20) 5000\OML/lmm/m/it/12 msandreturnsearlyfromtheloopbodywithoutsendinganyHTTPrequests:Ifthebackendreturnsanemptyresponse\OT1/lmr/m/n/12 (-20) (\OML/lmm/m/it/12 connectionfailure; timeout\OT1/lmr/m/n/12 (-20) )\OML/lmm/m/it/12 ; thefirmwarefallsbacktolocalcontrollogic \OT1/lmr/m/n/12 (-20) :
 []


Overfull \hbox (343.42723pt too wide) in paragraph at lines 285--291
\OML/lmm/m/it/12 itcomparesthecurrentLDRreadingagainstLIGHT[]HRESHOLD\OT1/lmr/m/n/12 (-20) (2000)\OML/lmm/m/it/12 anddirectlycontrolsRelay\OT1/lmr/m/n/12 (-20) 1\OML/lmm/m/it/12 basedontheresult:ThislocalfallbacksatisfiesNFR \OMS/lmsy/m/n/12 ^^@
 []

./chapters/chapter4.tex:314: Missing $ inserted.
<inserted text> 
                $
l.314 (MODEL_
             DEVICE = 'cpu') to maintain compatibility with deployment envir...
I've inserted a begin-math/end-math symbol since I think
you left one out. Proceed, with fingers crossed.

./chapters/chapter4.tex:317: Missing $ inserted.
<inserted text> 
                $
l.317 
      
I've inserted a begin-math/end-math symbol since I think
you left one out. Proceed, with fingers crossed.


Overfull \hbox (529.40433pt too wide) in paragraph at lines 314--317
[]\T1/lmr/m/n/12 (-20) (MODEL$[]\OML/lmm/m/it/12 EVICE \OT1/lmr/m/n/12 (-20) =[] \OML/lmm/m/it/12 cpu[]\OT1/lmr/m/n/12 (-20) )\OML/lmm/m/it/12 tomaintaincompatibilitywithdeploymentenvironmentsthatdonothaveadedicatedGPU:Inferencerunsviamodel:track\OT1/lmr/m/n/12 (-20) ()\OML/lmm/m/it/12 withthefollowingfixedconfiguration \OT1/lmr/m/n/12 (-20) :$ 
 []

./chapters/chapter4.tex:339: Missing $ inserted.
<inserted text> 
                $
l.339 E_
        THRESHOL D)
I've inserted a begin-math/end-math symbol since I think
you left one out. Proceed, with fingers crossed.

./chapters/chapter4.tex:341: Missing $ inserted.
<inserted text> 
                $
l.341 
      
I've inserted a begin-math/end-math symbol since I think
you left one out. Proceed, with fingers crossed.

[59]
./chapters/chapter4.tex:347: Missing $ inserted.
<inserted text> 
                $
l.347 FRAME_
            SKIP by ~67% while maintaining adequate count update
I've inserted a begin-math/end-math symbol since I think
you left one out. Proceed, with fingers crossed.

./chapters/chapter4.tex:349: Missing $ inserted.
<inserted text> 
                $
l.349 
      
I've inserted a begin-math/end-math symbol since I think
you left one out. Proceed, with fingers crossed.

./chapters/chapter4.tex:359: Missing $ inserted.
<inserted text> 
                $
l.359 camera_
             sources module. The resolve_source() function accepts any of th...
I've inserted a begin-math/end-math symbol since I think
you left one out. Proceed, with fingers crossed.

./chapters/chapter4.tex:361: Missing $ inserted.
<inserted text> 
                $
l.361 
      
I've inserted a begin-math/end-math symbol since I think
you left one out. Proceed, with fingers crossed.


Overfull \hbox (344.67152pt too wide) in paragraph at lines 358--361
\T1/lmr/m/n/12 (-20) camera$[]\OML/lmm/m/it/12 ourcesmodule:Theresolve[]ource\OT1/lmr/m/n/12 (-20) ()\OML/lmm/m/it/12 functionacceptsanyofthefollowingsourceformatsandnormalisesthemtoavaluethatcv\OT1/lmr/m/n/12 (-20) 2\OML/lmm/m/it/12 :VideoCaptureaccepts \OT1/lmr/m/n/12 (-20) :$ 
 []


Overfull \hbox (81.41649pt too wide) in paragraph at lines 369--371
[]\T1/lmr/m/n/12 (-20) Bare IPv4 ad-dress (Droid-Cam back-ward com-pat-i-bil-ity): 192.168.x.x \TS1/lmr/m/n/12 (-20) ^^Y \T1/lmr/m/n/12 (-20) http://192.168.x.x:4747/video 
 []

./chapters/chapter4.tex:379: Missing $ inserted.
<inserted text> 
                $
l.379 ...tream URL is registered in an in-memory _
                                                  cameras dictionary keyed by
I've inserted a begin-math/end-math symbol since I think
you left one out. Proceed, with fingers crossed.

./chapters/chapter4.tex:387: Missing $ inserted.
<inserted text> 
                $
l.387 
      
I've inserted a begin-math/end-math symbol since I think
you left one out. Proceed, with fingers crossed.


Overfull \hbox (131.0741pt too wide) in paragraph at lines 379--387
\T1/lmr/m/n/12 (-20) Each dis-tinct stream URL is reg-is-tered in an in-memory $[]\OML/lmm/m/it/12 amerasdictionarykeyedbytheresolvedURLstring:Aper \OMS/lmsy/m/n/12 ^^@
 []


Overfull \hbox (1968.60606pt too wide) in paragraph at lines 379--387
\OML/lmm/m/it/12 cameraCameraStatedataclassholdsthecurrentcount; connectionstatus; athreading:Eventthatsignalswhenthefirstframehasbeenprocessed; andalast[]ccesstimestamp:Abackgroundcleanupworkerrunsevery\OT1/lmr/m/n/12 (-20) 60\OML/lmm/m/it/12 secondsandremovescameraentriesthathavenotbeenaccessedformorethan\OT1/lmr/m/n/12 (-20) 300\OML/lmm/m/it/12 seconds; releasingthecamerathreadandfreeingtheVideoCaptureresource:Thisdesignensurestheservicedoesnotaccumulateidlethreadsforcamerasthatthebackendhasstoppedquerying:$ 
 []

./chapters/chapter4.tex:393: Missing $ inserted.
<inserted text> 
                $
l.393 GET http://{AI_
                     SERVICE_HOST}:8000/current-count?ip={CAMERA_IP}\&port={...
I've inserted a begin-math/end-math symbol since I think
you left one out. Proceed, with fingers crossed.

./chapters/chapter4.tex:393: Extra }, or forgotten $.
l.393 GET http://{AI_SERVICE_HOST}
                                  :8000/current-count?ip={CAMERA_IP}\&port={...
I've deleted a group-closing symbol because it seems to be
spurious, as in `$x}$'. But perhaps the } is legitimate and
you forgot something else, as in `\hbox{$x}'. In such cases
the way to recover is to insert both the forgotten and the
deleted material, e.g., by typing `I$}'.

./chapters/chapter4.tex:394: Missing $ inserted.
<inserted text> 
                $
l.394 
      
I've inserted a begin-math/end-math symbol since I think
you left one out. Proceed, with fingers crossed.


Overfull \hbox (7.31697pt too wide) in paragraph at lines 393--394
[]\T1/lmr/m/n/12 (-20) GET http://AI$[]\OML/lmm/m/it/12 ERVICE[]OST \OT1/lmr/m/n/12 (-20) : 8000\OML/lmm/m/it/12 =current \OMS/lmsy/m/n/12 ^^@ \OML/lmm/m/it/12 count\OT1/lmr/m/n/12 (-20) ?\OML/lmm/m/it/12 ip \OT1/lmr/m/n/12 (-20) = []&\OML/lmm/m/it/12 port \OT1/lmr/m/n/12 (-20) =
 []

./chapters/chapter4.tex:401: Missing $ inserted.
<inserted text> 
                $
l.401 The backend maps the people_
                                  count integer to an occupancy classificati...
I've inserted a begin-math/end-math symbol since I think
you left one out. Proceed, with fingers crossed.

./chapters/chapter4.tex:404: Missing $ inserted.
<inserted text> 
                $
l.404 
      
I've inserted a begin-math/end-math symbol since I think
you left one out. Proceed, with fingers crossed.


Overfull \hbox (348.78415pt too wide) in paragraph at lines 401--404
\OT1/lmr/m/n/12 (-20) 0\OML/lmm/m/it/12 ; Low \OT1/lmr/m/n/12 (-20) = 1 \OMS/lmsy/m/n/12 ^^@ ^^@\OT1/lmr/m/n/12 (-20) 5\OML/lmm/m/it/12 ; Moderate \OT1/lmr/m/n/12 (-20) = 6 \OMS/lmsy/m/n/12 ^^@ ^^@\OT1/lmr/m/n/12 (-20) 15\OML/lmm/m/it/12 ; High > \OT1/lmr/m/n/12 (-20) 15)\OML/lmm/m/it/12 andpassesthisclassificationintothelightingdecisionmatrixandfanactivationtabledescribedinSection\OT1/lmr/m/n/12 (-20) 4\OML/lmm/m/it/12 :\OT1/lmr/m/n/12 (-20) 5\OML/lmm/m/it/12 :$ 
 []

./chapters/chapter4.tex:419: Missing $ inserted.
<inserted text> 
                $
l.419 ScheduleImageImports). The _
                                  EFMigrationsHistory table is managed autom...
I've inserted a begin-math/end-math symbol since I think
you left one out. Proceed, with fingers crossed.

./chapters/chapter4.tex:421: Missing $ inserted.
<inserted text> 
                $
l.421 
      
I've inserted a begin-math/end-math symbol since I think
you left one out. Proceed, with fingers crossed.


Overfull \hbox (106.9483pt too wide) in paragraph at lines 416--421
\T1/lmr/m/n/12 (-20) The $[]\OML/lmm/m/it/12 FMigrationsHistorytableismanagedautomaticallybyEFCoreandisnotpartoftheapplicationdomain:$ 
 []

[60] [61]
./chapters/chapter4.tex:587: Missing $ inserted.
<inserted text> 
                $
l.587 The backend maps the raw people_
                                      count integer returned by the AI servi...
I've inserted a begin-math/end-math symbol since I think
you left one out. Proceed, with fingers crossed.

./chapters/chapter4.tex:590: Missing $ inserted.
<inserted text> 
                $
l.590 
      
I've inserted a begin-math/end-math symbol since I think
you left one out. Proceed, with fingers crossed.


Overfull \hbox (517.83255pt too wide) in paragraph at lines 587--590
\T1/lmr/m/n/12 (-20) The back-end maps the raw people$[]\OML/lmm/m/it/12 ountintegerreturnedbytheAIservicetoafourleveloccupancyclassificationbeforeapplyingeithercontrolmatrix:Thisclassificationstepdecouplestherelay \OMS/lmsy/m/n/12 ^^@
 []


Overfull \hbox (25.50455pt too wide) in paragraph at lines 587--590
\OML/lmm/m/it/12 controllogicfromtheprecisecountvalue; makingthedecisionrulesstableundersmallframe \OMS/lmsy/m/n/12 ^^@
 []

./chapters/chapter4.tex:593: Missing $ inserted.
<inserted text> 
                $
l.593 people_
             count Relay Behaviour Default
I've inserted a begin-math/end-math symbol since I think
you left one out. Proceed, with fingers crossed.

./chapters/chapter4.tex:598: Missing $ inserted.
<inserted text> 
                $
l.598 
      
I've inserted a begin-math/end-math symbol since I think
you left one out. Proceed, with fingers crossed.

./chapters/chapter4.tex:602: Missing $ inserted.
<inserted text> 
                $
l.602 people_
             count Relay Behaviour Default
I've inserted a begin-math/end-math symbol since I think
you left one out. Proceed, with fingers crossed.

./chapters/chapter4.tex:605: Missing $ inserted.
<inserted text> 
                $
l.605 
      
I've inserted a begin-math/end-math symbol since I think
you left one out. Proceed, with fingers crossed.


Overfull \hbox (94.2052pt too wide) in paragraph at lines 602--605
[]\T1/lmr/m/n/12 (-20) people$[]\OML/lmm/m/it/12 ountRelayBehaviourDefaultClassificationRangeactivationtableevaluatedwithtemperature$ 
 []

[62] [63]
Overfull \hbox (28.89688pt too wide) in paragraph at lines 809--818
[]\T1/lmr/m/n/12 (-20) Issue a man-ual over-ride com-mand for the spec-i-fied POS Staff /api/staff/labs/labId/override
 []

[64]
./chapters/chapter4.tex:939: Missing $ inserted.
<inserted text> 
                $
l.939 Authorization: Bearer <device_
                                    JWT>
I've inserted a begin-math/end-math symbol since I think
you left one out. Proceed, with fingers crossed.

./chapters/chapter4.tex:940: Missing $ inserted.
<inserted text> 
                $
l.940 
      
I've inserted a begin-math/end-math symbol since I think
you left one out. Proceed, with fingers crossed.

[65] [66] [67]
Overfull \hbox (3.14124pt too wide) in paragraph at lines 1160--1167
[]\T1/lmr/m/n/12 (-20) Admin --- GET/POST/PUT/ Reg-is-ter, up-date, or De-vice /ad-min/labs/:id/ DELETE
 []

./chapters/chapter4.tex:1237: Missing $ inserted.
<inserted text> 
                $
l.1237 ...pipeline (yolo11n.pt + ByteTrack, FRAME_
                                                  SKIP=3, conf=0.5, imgsz=32...
I've inserted a begin-math/end-math symbol since I think
you left one out. Proceed, with fingers crossed.

./chapters/chapter4.tex:1245: Missing $ inserted.
<inserted text> 
                $
l.1245 \section
               {inventoried the twelve Angular dashboard views with their ro...
I've inserted a begin-math/end-math symbol since I think
you left one out. Proceed, with fingers crossed.


Overfull \hbox (729.22002pt too wide) in paragraph at lines 1233--1245
\OT1/lmr/m/n/12 (-20) 320)\OML/lmm/m/it/12 ; camerasourceabstraction; andthebackendintegrationcontract:Section\OT1/lmr/m/n/12 (-20) 4\OML/lmm/m/it/12 :\OT1/lmr/m/n/12 (-20) 4\OML/lmm/m/it/12 describedallelevendatabasetableswiththeirkeycolumnsanddesignintent:Section\OT1/lmr/m/n/12 (-20) 4\OML/lmm/m/it/12 :\OT1/lmr/m/n/12 (-20) 5\OML/lmm/m/it/12 definedtheautomationenginethroughtwoexplicitcontrolmatrices \OMS/lmsy/m/n/12 ^^@
 []


Overfull \hbox (1130.51868pt too wide) in paragraph at lines 1233--1245
\OML/lmm/m/it/12 labcalibrationvaluesstoredinthedatabase:Section\OT1/lmr/m/n/12 (-20) 4\OML/lmm/m/it/12 :\OT1/lmr/m/n/12 (-20) 6\OML/lmm/m/it/12 cataloguedall\OT1/lmr/m/n/12 (-20) 31\OML/lmm/m/it/12 RESTAPIendpointsacrossfivegroupswiththeirHTTPmethods; paths; authorisedroles; anddescriptions; andspecifiedthefullsensoreventrequest=responsecontract:Section\OT1/lmr/m/n/12 (-20) 4\OML/lmm/m/it/12 :\OT1/lmr/m/n/12 (-20) 7\OML/lmm/m/it/12 describedthedualJWTauthenticationarchitecture; thethree \OMS/lmsy/m/n/12 ^^@
 []

[68]
Overfull \hbox (4.82787pt too wide) in paragraph at lines 1245--1245
[]\T1/lmr/bx/n/17.28 (-20) inventoried the twelve An-gu-lar dash-board views
 []

)

Package fancyhdr Warning: \headheight is too small (14.5pt): 
(fancyhdr)                Make it at least 27.11652pt, for example:
(fancyhdr)                \setlength{\headheight}{27.11652pt}.
(fancyhdr)                You might also make \topmargin smaller:
(fancyhdr)                \addtolength{\topmargin}{-12.61652pt}.

[69]
\openout2 = `chapters/chapter5.aux'.

 (./chapters/chapter5.tex [70




]
Chapter 5.
[71]
Overfull \hbox (37.67253pt too wide) in paragraph at lines 86--86
[]\T1/lmr/bx/n/17.28 (-20) Hardware Layer Im-ple-men-ta-tion --- ESP32 Firmware 
 []

[72]
Overfull \hbox (10.32788pt too wide) in paragraph at lines 156--157
[]\T1/lmr/m/it/12 (-20) Listing 5.2: GPIO pin as-sign-ments for all sen-sors and re-lay chan-nels (ar-duino_code.txt,
 []


Overfull \hbox (7.19142pt too wide) in paragraph at lines 173--176
[]\T1/lmr/m/n/12 (-20) 4 const char* De-vi-cepass-word = "[REDACTED]"; 5 const char* ssid = "[REDACTED]";
 []

[73]
Overfull \hbox (10.13837pt too wide) in paragraph at lines 242--254
[]\T1/lmr/m/n/12 (-20) Constant Value Pur-pose Con-fig-urable via Add Lab? 50 cm DIS-TANCE_THRESHOLD
 []


Underfull \vbox (badness 5771) has occurred while \output is active []

 [74] [75]
Overfull \hbox (47.9027pt too wide) in paragraph at lines 348--351
[]\T1/lmr/m/n/12 (-20) 1 // DHT11 tem-per-a-ture and hu-mid-ity (called in loop()) 2 float temp = dht.readTemperature();
 []

./chapters/chapter5.tex:395: Argument of \T1\" has an extra }.
<inserted text> 
                \par 
l.395 5 "{\"status\":\"ok\",\"light\":\"off\"}
                                              ");
I've run across a `}' that doesn't seem to match anything.
For example, `\def\a#1{...}' and `\a}' would produce
this error. If you simply proceed now, the `\par' that
I've just inserted will cause me to report a runaway
argument that might be the root of the problem. But if
your `}' was spurious, just type `2' and it will go away.

Runaway argument?
./chapters/chapter5.tex:395: Paragraph ended before \T1\" was complete.
<to be read again> 
                   \par 
l.395 5 "{\"status\":\"ok\",\"light\":\"off\"}
                                              ");
I suspect you've forgotten a `}', causing me to apply this
control sequence to too much text. How can we recover?
My plan is to forget the whole thing and hope for the best.

[76]
./chapters/chapter5.tex:403: Argument of \T1\" has an extra }.
<inserted text> 
                \par 
l.403 13 "{\"status\":\"ok\",\"light\":\"on\"}
                                              ");
I've run across a `}' that doesn't seem to match anything.
For example, `\def\a#1{...}' and `\a}' would produce
this error. If you simply proceed now, the `\par' that
I've just inserted will cause me to report a runaway
argument that might be the root of the problem. But if
your `}' was spurious, just type `2' and it will go away.

Runaway argument?
./chapters/chapter5.tex:403: Paragraph ended before \T1\" was complete.
<to be read again> 
                   \par 
l.403 13 "{\"status\":\"ok\",\"light\":\"on\"}
                                              ");
I suspect you've forgotten a `}', causing me to apply this
control sequence to too much text. How can we recover?
My plan is to forget the whole thing and hope for the best.

./chapters/chapter5.tex:410: Argument of \T1\" has an extra }.
<inserted text> 
                \par 
l.410 ...00, "application/json", "{\"fan\":\"on\"}
                                                  ");
I've run across a `}' that doesn't seem to match anything.
For example, `\def\a#1{...}' and `\a}' would produce
this error. If you simply proceed now, the `\par' that
I've just inserted will cause me to report a runaway
argument that might be the root of the problem. But if
your `}' was spurious, just type `2' and it will go away.

Runaway argument?
./chapters/chapter5.tex:410: Paragraph ended before \T1\" was complete.
<to be read again> 
                   \par 
l.410 ...00, "application/json", "{\"fan\":\"on\"}
                                                  ");
I suspect you've forgotten a `}', causing me to apply this
control sequence to too much text. How can we recover?
My plan is to forget the whole thing and hope for the best.

./chapters/chapter5.tex:421: Argument of \T1\" has an extra }.
<inserted text> 
                \par 
l.421 ...0, "application/json", "{\"fan\":\"off\"}
                                                  ");
I've run across a `}' that doesn't seem to match anything.
For example, `\def\a#1{...}' and `\a}' would produce
this error. If you simply proceed now, the `\par' that
I've just inserted will cause me to report a runaway
argument that might be the root of the problem. But if
your `}' was spurious, just type `2' and it will go away.

Runaway argument?
./chapters/chapter5.tex:421: Paragraph ended before \T1\" was complete.
<to be read again> 
                   \par 
l.421 ...0, "application/json", "{\"fan\":\"off\"}
                                                  ");
I suspect you've forgotten a `}', causing me to apply this
control sequence to too much text. How can we recover?
My plan is to forget the whole thing and hope for the best.


Package fancyhdr Warning: \headheight is too small (14.5pt): 
(fancyhdr)                Make it at least 27.11652pt, for example:
(fancyhdr)                \setlength{\headheight}{27.11652pt}.
(fancyhdr)                You might also make \topmargin smaller:
(fancyhdr)                \addtolength{\topmargin}{-12.61652pt}.

[77]
Overfull \hbox (45.16562pt too wide) in paragraph at lines 492--494
[]\T1/lmr/m/n/12 (-20) 9 jwt-To-ken = doc["token"].as<String>(); 10 String ex-pire-sAt = doc["expiresAt"].as<String>(); 
 []

[78]

./chapters/chapter5.tex:569: LaTeX Error: Invalid UTF-8 byte sequence (’\expandafter\lst@FillFixed@).

See the LaTeX manual or LaTeX Companion for explanation.
Type  H <return>  for immediate help.
 ...                                              
                                                  
l.569 long on the ESP32, which over’¼éows 
                                          back to zero after approximately 4...
The document does not appear to be in UTF-8 encoding.
Try adding \UseRawInputEncoding as the first line of the file
or specify an encoding such as \usepackage [latin1]{inputenc}
in the document preamble.
Alternatively, save the file in UTF-8 using your editor or another tool


./chapters/chapter5.tex:569: LaTeX Error: Invalid UTF-8 byte "AC.

See the LaTeX manual or LaTeX Companion for explanation.
Type  H <return>  for immediate help.
 ...                                              
                                                  
l.569 long on the ESP32, which over’¼éows 
                                          back to zero after approximately 4...
The document does not appear to be in UTF-8 encoding.
Try adding \UseRawInputEncoding as the first line of the file
or specify an encoding such as \usepackage [latin1]{inputenc}
in the document preamble.
Alternatively, save the file in UTF-8 using your editor or another tool


./chapters/chapter5.tex:569: LaTeX Error: Invalid UTF-8 byte "82.

See the LaTeX manual or LaTeX Companion for explanation.
Type  H <return>  for immediate help.
 ...                                              
                                                  
l.569 long on the ESP32, which over’¼éows 
                                          back to zero after approximately 4...
The document does not appear to be in UTF-8 encoding.
Try adding \UseRawInputEncoding as the first line of the file
or specify an encoding such as \usepackage [latin1]{inputenc}
in the document preamble.
Alternatively, save the file in UTF-8 using your editor or another tool


Overfull \hbox (13.39333pt too wide) in paragraph at lines 620--621
[]\T1/lmr/m/it/12 (-20) Listing 5.10: re-fresh-To-ken(): full device-credential ex-change with the /api/devices/token
 []


Package fancyhdr Warning: \headheight is too small (14.5pt): 
(fancyhdr)                Make it at least 27.11652pt, for example:
(fancyhdr)                \setlength{\headheight}{27.11652pt}.
(fancyhdr)                You might also make \topmargin smaller:
(fancyhdr)                \addtolength{\topmargin}{-12.61652pt}.

[79]
Overfull \hbox (17.97476pt too wide) in paragraph at lines 664--669
[]\T1/lmr/m/n/12 (-20) 8 // Guard 2: con-firm Wi-Fi is still con-nected 9 if (WiFi.status() != WL_CONNECTED)
 []

[80]

Package fancyhdr Warning: \headheight is too small (14.5pt): 
(fancyhdr)                Make it at least 27.11652pt, for example:
(fancyhdr)                \setlength{\headheight}{27.11652pt}.
(fancyhdr)                You might also make \topmargin smaller:
(fancyhdr)                \addtolength{\topmargin}{-12.61652pt}.

[81]
./chapters/chapter5.tex:802: Undefined control sequence.
l.802 22 Serial.println("\nConnected
                                    ");
The control sequence at the end of the top line
of your error message was never \def'ed. If you have
misspelled it (e.g., `\hobx'), type `I' and the correct
spelling (e.g., `I\hbox'). Otherwise just continue,
and I'll forget about whatever was undefined.

[82]

./chapters/chapter5.tex:916: LaTeX Error: Invalid UTF-8 byte sequence (’\expandafter\lst@FillFixed@).

See the LaTeX manual or LaTeX Companion for explanation.
Type  H <return>  for immediate help.
 ...                                              
                                                  
l.916 while the device is of’¼éine.
                                   
The document does not appear to be in UTF-8 encoding.
Try adding \UseRawInputEncoding as the first line of the file
or specify an encoding such as \usepackage [latin1]{inputenc}
in the document preamble.
Alternatively, save the file in UTF-8 using your editor or another tool


./chapters/chapter5.tex:916: LaTeX Error: Invalid UTF-8 byte "AC.

See the LaTeX manual or LaTeX Companion for explanation.
Type  H <return>  for immediate help.
 ...                                              
                                                  
l.916 while the device is of’¼éine.
                                   
The document does not appear to be in UTF-8 encoding.
Try adding \UseRawInputEncoding as the first line of the file
or specify an encoding such as \usepackage [latin1]{inputenc}
in the document preamble.
Alternatively, save the file in UTF-8 using your editor or another tool


./chapters/chapter5.tex:916: LaTeX Error: Invalid UTF-8 byte "82.

See the LaTeX manual or LaTeX Companion for explanation.
Type  H <return>  for immediate help.
 ...                                              
                                                  
l.916 while the device is of’¼éine.
                                   
The document does not appear to be in UTF-8 encoding.
Try adding \UseRawInputEncoding as the first line of the file
or specify an encoding such as \usepackage [latin1]{inputenc}
in the document preamble.
Alternatively, save the file in UTF-8 using your editor or another tool


Package fancyhdr Warning: \headheight is too small (14.5pt): 
(fancyhdr)                Make it at least 27.11652pt, for example:
(fancyhdr)                \setlength{\headheight}{27.11652pt}.
(fancyhdr)                You might also make \topmargin smaller:
(fancyhdr)                \addtolength{\topmargin}{-12.61652pt}.

[83] [84] [85] [86]
Overfull \hbox (1.07855pt too wide) in paragraph at lines 1204--1210
[]\T1/lmr/m/n/12 (-20) 5 # Pri-mary open at-tempt: no back-end hint 6 cap = cv2.VideoCapture(device_index)
 []


Overfull \hbox (68.19278pt too wide) in paragraph at lines 1212--1216
[]\T1/lmr/m/n/12 (-20) 12 # Tune buffer to re-duce la-tency for vir-tual cam-eras 13 cap.set(cv2.CAP_PROP_BUFFERSIZE,
 []


Overfull \hbox (91.24649pt too wide) in paragraph at lines 1212--1216
\T1/lmr/m/n/12 (-20) 2) 14 cap.set(cv2.CAP_PROP_FRAME_WIDTH, 640) 15 cap.set(cv2.CAP_PROP_FRAME_HEIGHT,
 []

[87]

./chapters/chapter5.tex:1307: LaTeX Error: Invalid UTF-8 byte sequence (’\expandafter\lst@FillFixed@).

See the LaTeX manual or LaTeX Companion for explanation.
Type  H <return>  for immediate help.
 ...                                              
                                                  
l.1307 ...ndex for ``person'') and the con’¼üdence
                                                  
The document does not appear to be in UTF-8 encoding.
Try adding \UseRawInputEncoding as the first line of the file
or specify an encoding such as \usepackage [latin1]{inputenc}
in the document preamble.
Alternatively, save the file in UTF-8 using your editor or another tool


./chapters/chapter5.tex:1307: LaTeX Error: Invalid UTF-8 byte "AC.

See the LaTeX manual or LaTeX Companion for explanation.
Type  H <return>  for immediate help.
 ...                                              
                                                  
l.1307 ...ndex for ``person'') and the con’¼üdence
                                                  
The document does not appear to be in UTF-8 encoding.
Try adding \UseRawInputEncoding as the first line of the file
or specify an encoding such as \usepackage [latin1]{inputenc}
in the document preamble.
Alternatively, save the file in UTF-8 using your editor or another tool


./chapters/chapter5.tex:1307: LaTeX Error: Invalid UTF-8 byte "81.

See the LaTeX manual or LaTeX Companion for explanation.
Type  H <return>  for immediate help.
 ...                                              
                                                  
l.1307 ...ndex for ``person'') and the con’¼üdence
                                                  
The document does not appear to be in UTF-8 encoding.
Try adding \UseRawInputEncoding as the first line of the file
or specify an encoding such as \usepackage [latin1]{inputenc}
in the document preamble.
Alternatively, save the file in UTF-8 using your editor or another tool


Overfull \hbox (57.66707pt too wide) in paragraph at lines 1321--1336
\T1/lmr/m/n/12 (-20) args=(cam_id, ready_event), 12 dae-mon=True 13 ) 14 t.start() 15 cam-era_states[cam_id]["thread"]
 []

[88] [89]
Overfull \hbox (0.80656pt too wide) in paragraph at lines 1425--1425
[]\T1/lmr/bx/n/14.4 (-20) Camera Source Ab-strac-tion Mod-ule (cam-era_sources.py) 
 []

./chapters/chapter5.tex:1457: Missing $ inserted.
<inserted text> 
                $
l.1457 17 r"^
             (\d{1,3}\.){3}\d{1,3}$"
I've inserted a begin-math/end-math symbol since I think
you left one out. Proceed, with fingers crossed.


LaTeX Warning: Command \d invalid in math mode on input line 1457.


LaTeX Warning: Command \. invalid in math mode on input line 1457.

./chapters/chapter5.tex:1457: Please use \mathaccent for accents in math mode.
\MT@orig@add@accent ...gnorespaces \relax \accent 
                                                  #1 #2\egroup \ifmmode \els...
l.1457 17 r"^(\d{1,3}\.)
                        {3}\d{1,3}$"
I'm changing \accent to \mathaccent here; wish me luck.
(Accents are not the same in formulas as they are in text.)


LaTeX Warning: Command \d invalid in math mode on input line 1457.


Overfull \hbox (16.96245pt too wide) in paragraph at lines 1455--1459
[]\T1/lmr/m/n/12 (-20) 15 # Pat-tern that matches a bare IPv4 ad-dress (no scheme, no path) 16 _BARE_IP_RE
 []

[90]
Overfull \hbox (27.8095pt too wide) in paragraph at lines 1541--1542
[]\T1/lmr/m/it/12 (-20) Listing 5.25: re-solve_source(): five-branch dis-patch with full doc-string (cam-era_sources.py,
 []


Overfull \hbox (11.0249pt too wide) in paragraph at lines 1574--1591
\T1/lmr/m/n/12 (-20) ten-sion str: un-changed (.mp4) 192.168.1.3 Bare IP regex str: http://192.168.1.3:4747/video
 []


Overfull \hbox (45.49654pt too wide) in paragraph at lines 1574--1591
\T1/lmr/m/n/12 (-20) 192.168.1.3 None (Val- Val-ueEr-ror: Un-recog-nised port=8080 ueEr-ror) source ftp://camera/stream
 []

[91]
Overfull \hbox (108.93849pt too wide) in paragraph at lines 1630--1636
[]\T1/lmr/m/n/12 (-20) The isin-stance(resolved, int) branch ex-ists be-cause cv2.VideoCapture(0) and cv2.VideoCapture("http://...")
 []


Overfull \hbox (15.69743pt too wide) in paragraph at lines 1658--1665
\T1/lmr/m/n/12 (-20) Us-ing the fully-resolved URL as the key en-sures that 192.168.1.3 and http://192.168.1.3:4747
 []

[92]
Overfull \hbox (28.90906pt too wide) in paragraph at lines 1743--1743
[]\T1/lmr/bx/n/14.4 (-20) Stage 2: Pro-duc-tion Multi-Camera Track-ing API (droidip.py) 
 []


Overfull \hbox (154.78885pt too wide) in paragraph at lines 1765--1771
\T1/lmr/m/n/12 (-20) HTTP: /current-count?ip=http://192.168.1.3:4747/video 9 - RTSP: /current-count?ip=rtsp://admin:pass@camera/live
 []


Overfull \hbox (0.29317pt too wide) in paragraph at lines 1772--1780
\T1/lmr/m/n/12 (-20) DENCE_THRESHOLD: float = 0.5 16 FRAME_SKIP: int = 3 17 READY_TIMEOUT:
 []

[93]
Overfull \hbox (6.4627pt too wide) in paragraph at lines 1798--1800
\T1/lmr/m/n/12 (-20) CLEANUP_INTERVAL = 60.0 runs the cleanup worker ev-ery minute; DE-FAULT_PORT
 []

[94]

./chapters/chapter5.tex:1898: LaTeX Error: Invalid UTF-8 byte sequence (’\expandafter\lst@FillFixed@).

See the LaTeX manual or LaTeX Companion for explanation.
Type  H <return>  for immediate help.
 ...                                              
                                                  
l.1898 class de’¼ünition 
                         time rather than at runtime --- a typo like state["...
The document does not appear to be in UTF-8 encoding.
Try adding \UseRawInputEncoding as the first line of the file
or specify an encoding such as \usepackage [latin1]{inputenc}
in the document preamble.
Alternatively, save the file in UTF-8 using your editor or another tool


./chapters/chapter5.tex:1898: LaTeX Error: Invalid UTF-8 byte "AC.

See the LaTeX manual or LaTeX Companion for explanation.
Type  H <return>  for immediate help.
 ...                                              
                                                  
l.1898 class de’¼ünition 
                         time rather than at runtime --- a typo like state["...
The document does not appear to be in UTF-8 encoding.
Try adding \UseRawInputEncoding as the first line of the file
or specify an encoding such as \usepackage [latin1]{inputenc}
in the document preamble.
Alternatively, save the file in UTF-8 using your editor or another tool


./chapters/chapter5.tex:1898: LaTeX Error: Invalid UTF-8 byte "81.

See the LaTeX manual or LaTeX Companion for explanation.
Type  H <return>  for immediate help.
 ...                                              
                                                  
l.1898 class de’¼ünition 
                         time rather than at runtime --- a typo like state["...
The document does not appear to be in UTF-8 encoding.
Try adding \UseRawInputEncoding as the first line of the file
or specify an encoding such as \usepackage [latin1]{inputenc}
in the document preamble.
Alternatively, save the file in UTF-8 using your editor or another tool

[95]
Overfull \hbox (26.05382pt too wide) in paragraph at lines 1967--1973
[]\T1/lmr/m/n/12 (-20) 15 cap = cre-ate_capture(stream_url) 16 if not cap.isOpened(): 17 log-ger.warning("Cannot
 []


Overfull \hbox (4.99548pt too wide) in paragraph at lines 1974--1977
[]\T1/lmr/m/n/12 (-20) 22 log-ger.info("Connected to stream: 23 _up-date_state(stream_url, con-nected=True)
 []

[96] [97]
Overfull \hbox (39.3085pt too wide) in paragraph at lines 2145--2146
[]\T1/lmr/m/n/12 (-20) 5.3.3.8 Cam-era Life-cy-cle Man-age-ment --- _en-sure_camera_started() and _cleanup_worker() 
 []

[98]
Overfull \hbox (5.57138pt too wide) in paragraph at lines 2196--2201
\T1/lmr/m/n/12 (-20) > CAM-ERA_TIMEOUT sec-onds.""" 3 while True: 4 time.sleep(CLEANUP_INTERVAL)
 []


Overfull \hbox (2.5238pt too wide) in paragraph at lines 2251--2255
[]\T1/lmr/m/n/12 (-20) 3 @app.get("/current-count") 4 def get_count(ip: str, port: int = DE-FAULT_PORT):
 []

[99]
Overfull \hbox (47.10562pt too wide) in paragraph at lines 2267--2269
[]\T1/lmr/m/n/12 (-20) 14 stream_url = build_stream_url(ip, port) 15 state = _en-sure_camera_started(stream_url) 
 []


Overfull \hbox (55.06392pt too wide) in paragraph at lines 2271--2277
\T1/lmr/m/n/12 (-20) cep-tion( 19 sta-tus_code=503, 20 de-tail=f"Camera stream not ready within READY_TIMEOUT:.0f
 []

[100] [101] [102]
Overfull \hbox (9.92462pt too wide) in paragraph at lines 2538--2547
[]\T1/lmr/m/n/12 (-20) The cre-den-tial form col-lects Email Ad-dress and Pass-word, both shown with iconadorned
 []

[103] [104] [105]
Overfull \hbox (8.42953pt too wide) in paragraph at lines 2708--2708
[]\T1/lmr/bx/n/17.28 (-20) Worked End-to-End Ex-am-ple: One Mo-tion Event
 []

[106]
Underfull \vbox (badness 1014) has occurred while \output is active []

 [107] [108] [109]) [110] [111



] [112]
\openout2 = `chapters/chapter6.aux'.

 (./chapters/chapter6.tex
Chapter 6.
./chapters/chapter6.tex:35: You can't use `macro parameter character #' in vertical mode.
l.35 #
       Objective Status Evidence
Sorry, but I'm not programmed to handle this case;
I'll just pretend that you didn't ask for it.
If you're in the wrong mode, you might be able to
return to the right one by typing `I}' or `I$' or `I\par'.

./chapters/chapter6.tex:59: You can't use `macro parameter character #' in vertical mode.
l.59 #
       Objective Status Evidence
Sorry, but I'm not programmed to handle this case;
I'll just pretend that you didn't ask for it.
If you're in the wrong mode, you might be able to
return to the right one by typing `I}' or `I$' or `I\par'.

[113


]
./chapters/chapter6.tex:112: You can't use `macro parameter character #' in vertical mode.
l.112 #
        Objective Status Evidence
Sorry, but I'm not programmed to handle this case;
I'll just pretend that you didn't ask for it.
If you're in the wrong mode, you might be able to
return to the right one by typing `I}' or `I$' or `I\par'.

[114]
./chapters/chapter6.tex:207: Missing $ inserted.
<inserted text> 
                $
l.207 NFR-PERF-03 FRAME_
                        SKIP=3 yields a variable inference
I've inserted a begin-math/end-math symbol since I think
you left one out. Proceed, with fingers crossed.

./chapters/chapter6.tex:211: Missing $ inserted.
<inserted text> 
                $
l.211 
      
I've inserted a begin-math/end-math symbol since I think
you left one out. Proceed, with fingers crossed.


Overfull \hbox (72.21219pt too wide) in paragraph at lines 206--211
[]\T1/lmr/m/n/12 (-20) Inference sam-pling NFR-PERF-03 FRAME$[]\OML/lmm/m/it/12 KIP \OT1/lmr/m/n/12 (-20) = 3\OML/lmm/m/it/12 yieldsavariableinferencecadenceisframe \OMS/lmsy/m/n/12 ^^@
 []

[115]
./chapters/chapter6.tex:253: Missing $ inserted.
<inserted text> 
                $
l.253 FRAME_
            SKIP sampling gate with a time-based one (resolving NFR-PERF-03)...
I've inserted a begin-math/end-math symbol since I think
you left one out. Proceed, with fingers crossed.

./chapters/chapter6.tex:257: Missing $ inserted.
<inserted text> 
                $
l.257 
      
I've inserted a begin-math/end-math symbol since I think
you left one out. Proceed, with fingers crossed.


Overfull \hbox (160.26237pt too wide) in paragraph at lines 250--257
\OT1/lmr/m/n/12 (-20) 03)\OML/lmm/m/it/12 ; andcorrectthenetwork \OMS/lmsy/m/n/12 ^^@ \OML/lmm/m/it/12 fallbacklogictoholdratherthanre \OMS/lmsy/m/n/12 ^^@ \OML/lmm/m/it/12 evaluatethelastcommandedrelaystate\OT1/lmr/m/n/12 (-20) (\OML/lmm/m/it/12 resolvingFR \OMS/lmsy/m/n/12 ^^@
 []


Overfull \hbox (158.52463pt too wide) in paragraph at lines 250--257
\OML/lmm/m/it/12 FH \OMS/lmsy/m/n/12 ^^@ \OT1/lmr/m/n/12 (-20) 02)\OML/lmm/m/it/12 :Thesefouritemscloseeveryspecification \OMS/lmsy/m/n/12 ^^@ \OML/lmm/m/it/12 levelgaprecordedinSection\OT1/lmr/m/n/12 (-20) 5\OML/lmm/m/it/12 :\OT1/lmr/m/n/12 (-20) 8\OML/lmm/m/it/12 withoutrequiringnewarchitecture:$ 
 []

[116]) [117]
\openout2 = `chapters/appendix_a.aux'.

 (./chapters/appendix_a.tex [118




]
Appendix A.
./chapters/appendix_a.tex:17: You can't use `macro parameter character #' in horizontal mode.
l.17 #
       Component Spec / Model per price total
Sorry, but I'm not programmed to handle this case;
I'll just pretend that you didn't ask for it.
If you're in the wrong mode, you might be able to
return to the right one by typing `I}' or `I$' or `I\par'.

./chapters/appendix_a.tex:56: You can't use `macro parameter character #' in horizontal mode.
l.56 #
       Component Spec / Model per price total
Sorry, but I'm not programmed to handle this case;
I'll just pretend that you didn't ask for it.
If you're in the wrong mode, you might be able to
return to the right one by typing `I}' or `I$' or `I\par'.

./chapters/appendix_a.tex:67: Missing $ inserted.
<inserted text> 
                $
l.67 
     
I've inserted a begin-math/end-math symbol since I think
you left one out. Proceed, with fingers crossed.

./chapters/appendix_a.tex:74: Missing $ inserted.
<inserted text> 
                $
l.74 
     
I've inserted a begin-math/end-math symbol since I think
you left one out. Proceed, with fingers crossed.


Overfull \hbox (238.56062pt too wide) in paragraph at lines 69--74
\OT1/lmr/m/n/12 (-20) 36 \OMS/lmsy/m/n/12 ^^@ ^^@\OT1/lmr/m/n/12 (-20) 40\OML/lmm/m/it/12 perlaboratory; beforelabor; shipping; andbulk \OMS/lmsy/m/n/12 ^^@ \OML/lmm/m/it/12 orderdiscount:Relay; sensor; andmicrocontrollerunitpricestypicallydrop\OT1/lmr/m/n/12 (-20) 15 \OMS/lmsy/m/n/12 ^^@
 []


Overfull \hbox (11.10953pt too wide) in paragraph at lines 69--74
\OMS/lmsy/m/n/12 ^^@\OT1/lmr/m/n/12 (-20) 30\OML/lmm/m/it/12 suppliers; whichisrelevanttothePhase\OT1/lmr/m/n/12 (-20) 3\OML/lmm/m/it/12 pilot \OMS/lmsy/m/n/12 ^^@ \OML/lmm/m/it/12 batchexpansionproposedinSection\OT1/lmr/m/n/12 (-20) 6\OML/lmm/m/it/12 :\OT1/lmr/m/n/12 (-20) 5\OML/lmm/m/it/12 :$ 
 []

./chapters/appendix_a.tex:90: Missing $ inserted.
<inserted text> 
                $
l.90 
     
I've inserted a begin-math/end-math symbol since I think
you left one out. Proceed, with fingers crossed.


Overfull \hbox (4.08449pt too wide) in paragraph at lines 80--90
\T1/lmr/m/n/12 (-20) but mean-ing-fully tighter ac-cu-racy and wider DHT22 \TS1/lmr/m/n/12 (-20) ▒\T1/lmr/m/n/12 (-20) 0.5$[]$C / \TS1/lmr/m/n/12 (-20) ▒\T1/lmr/m/n/12 (-20) 2--5$\OT1/lmr/m/n/12 (-20) 6\OML/lmm/m/it/12 :\OT1/lmr/m/n/12 (-20) 50\OML/lmm/m/it/12 operatingrange \OMS/lmsy/m/n/12 ^^@
 []


Overfull \hbox (102.76483pt too wide) in paragraph at lines 80--90
\OMS/lmsy/m/n/12 ^^@ ^^@ \OML/lmm/m/it/12 worthconsideringif\OT1/lmr/m/n/12 (-20) (\OML/lmm/m/it/12 AM\OT1/lmr/m/n/12 (-20) 2302)\OML/lmm/m/it/12 RHaccuracyPhase\OT1/lmr/m/n/12 (-20) 4\OML/lmm/m/it/12 fielddatashowsDHT\OT1/lmr/m/n/12 (-20) 11\OML/lmm/m/it/12 accuracyisalimitingfactor:$ 
 []

./chapters/appendix_a.tex:96: Missing $ inserted.
<inserted text> 
                $
l.96 
     
I've inserted a begin-math/end-math symbol since I think
you left one out. Proceed, with fingers crossed.


Overfull \hbox (258.55734pt too wide) in paragraph at lines 91--96
\T1/lmr/m/n/12 (-20) tects heat-signature mo-tion sen-sor (HC- ad-justable $\OT1/lmr/m/n/12 (-20) 1\OML/lmm/m/it/12 :\OT1/lmr/m/n/12 (-20) 80(\OML/lmm/m/it/12 lowerfalse \OMS/lmsy/m/n/12 ^^@ \OML/lmm/m/it/12 positiverateforhumanSR\OT1/lmr/m/n/12 (-20) 501)\OML/lmm/m/it/12 sensitivity=delaypresence\OT1/lmr/m/n/12 (-20) )\OML/lmm/m/it/12 whileHC \OMS/lmsy/m/n/12 ^^@
 []

[119]
Overfull \hbox (6.7642pt too wide) in paragraph at lines 113--116
\T1/lmr/m/n/12 (-20) and Build-ings, vol. 172, pp. 221--234, 2018. https://doi.org/10.1016/j.enbuild.2018.04.040 
 []


Overfull \hbox (15.4604pt too wide) in paragraph at lines 117--120
\T1/lmr/m/n/12 (-20) Sen-sors Jour-nal, vol. 18, pp. 6360--6368, 2018. https://doi.org/10.1109/JSEN.2018.2842103 
 []


Overfull \hbox (118.76907pt too wide) in paragraph at lines 129--132
\T1/lmr/m/n/12 (-20) ing op-er-a-tion," En-ergy and Build-ings, vol. 182, pp. 110-123, 2019. https://doi.org/10.1016/j.enbuild.2018.10.012 
 []


Overfull \hbox (104.04785pt too wide) in paragraph at lines 133--136
\T1/lmr/m/n/12 (-20) spaces," Build-ing and En-vi-ron-ment, vol. 154, pp. 22-35, 2019. https://doi.org/10.1016/j.buildenv.2019.02.045 
 []


Overfull \hbox (130.34137pt too wide) in paragraph at lines 143--146
\T1/lmr/m/n/12 (-20) pancy es-ti-ma-tion," En-ergy and Build-ings, vol. 204, p. 109482, 2020. https://doi.org/10.1016/j.enbuild.2019.109482 
 []


Overfull \hbox (66.39203pt too wide) in paragraph at lines 147--150
\T1/lmr/m/n/12 (-20) Build-ing and En-vi-ron-ment, vol. 200, p. 107936, 2021. https://doi.org/10.1016/j.buildenv.2021.107936 
 []

./chapters/appendix_a.tex:159: Missing $ inserted.
<inserted text> 
                $
l.159 ...ttps://doi.org/10.1007/978-3-030-94340-0_
                                                  6
I've inserted a begin-math/end-math symbol since I think
you left one out. Proceed, with fingers crossed.

./chapters/appendix_a.tex:160: Missing $ inserted.
<inserted text> 
                $
l.160 
      
I've inserted a begin-math/end-math symbol since I think
you left one out. Proceed, with fingers crossed.

[120]
Overfull \hbox (79.18683pt too wide) in paragraph at lines 217--221
\T1/lmr/m/n/12 (-20) and Trends,'' Neu-ro-com-put-ing, vol. 408, pp. 18--35, 2020. https://doi.org/10.1016/j.neucom.2019.10.049 
 []


Overfull \hbox (92.84003pt too wide) in paragraph at lines 222--225
\T1/lmr/m/n/12 (-20) ing Data Pro-cess-ing Frame-work,'' arXiv preprint arXiv:2101.12127, 2021. https://arxiv.org/abs/2101.12127 
 []


Overfull \hbox (139.2149pt too wide) in paragraph at lines 226--229
\T1/lmr/m/n/12 (-20) cial build-ings," Jour-nal of Build-ing En-gi-neer-ing, vol. 45, p. 103421, 2021. https://doi.org/10.1016/j.jobe.2021.103421 
 []

[121]
Overfull \hbox (130.44942pt too wide) in paragraph at lines 230--233
\T1/lmr/m/n/12 (-20) IEEE Trans-ac-tions on Smart Grid, vol. 11, no. 4, pp. 3122-3134, 2020. https://doi.org/10.1109/TSG.2020.2968114 
 []

[122]
Overfull \hbox (87.47151pt too wide) in paragraph at lines 298--301
\T1/lmr/m/n/12 (-20) tion,'' in Pro-ceed-ings of IEEE ICACCI, pp. 461--466, 2017. https://doi.org/10.1109/ICACCI.2017.8125881 
 []

[123]) [124]

LaTeX Warning: Empty bibliography on input line 64.

(./main.aux (./chapters/chapter1.aux) (./chapters/chapter2.aux) (./chapters/chapter3.aux) (./chapters/chapter4.aux) (./chapters/chapter5.aux) (./chapters/chapter6.aux) (./chapters/appendix_a.aux))
 ***********
LaTeX2e <2025-11-01>
L3 programming layer <2026-01-19>
 ***********
Package rerunfilecheck Info: File `main.out' has not changed.
(rerunfilecheck)             Checksum: 2442F76B743000E578C14BB6E041A06C;32117.
Package logreq Info: Writing requests to 'main.run.xml'.
\openout1 = `main.run.xml'.

 )
(\end occurred inside a group at level 1)

### simple group (level 1) entered at line 393 ({)
### bottom level 
Here is how much of TeX's memory you used:
 27506 strings out of 467524
 466499 string characters out of 5425814
 1186586 words of memory out of 5000000
 55424 multiletter control sequences out of 15000+600000
 709872 words of font info for 220 fonts, out of 8000000 for 9000
 1141 hyphenation exceptions out of 8191
 80i,12n,82p,1898b,2373s stack positions out of 10000i,1000n,20000p,200000b,200000s
</usr/share/texmf-dist/fonts/type1/public/lm/lmbx12.pfb></usr/share/texmf-dist/fonts/type1/public/lm/lmcsc10.pfb></usr/share/texmf-dist/fonts/type1/public/lm/lmmi12.pfb></usr/share/texmf-dist/fonts/type1/public/lm/lmmi8.pfb></usr/share/texmf-dist/fonts/type1/public/lm/lmr12.pfb></usr/share/texmf-dist/fonts/type1/public/lm/lmr6.pfb></usr/share/texmf-dist/fonts/type1/public/lm/lmr8.pfb></usr/share/texmf-dist/fonts/type1/public/lm/lmri12.pfb></usr/share/texmf-dist/fonts/type1/public/lm/lmsy10.pfb></usr/share/texmf-dist/fonts/type1/public/lm/lmsy8.pfb></usr/share/texmf-dist/fonts/type1/public/lm/lmtt10.pfb></usr/share/texmf-dist/fonts/type1/public/amsfonts/symbols/msam10.pfb>
Output written on main.pdf (136 pages, 653350 bytes).
PDF statistics:
 1552 PDF objects out of 1728 (max. 8388607)
 1369 compressed objects within 14 object streams
 344 named destinations out of 1000 (max. 500000)
 46771 words of extra memory for PDF output out of 51595 (max. 10000000)

